[2025-11-05 12:06:56] local.ERROR: View [app] not found. {"userId":1,"exception":"[object] (InvalidArgumentException(code: 0): View [app] not found. at /home/houdaifayahia/www/Laravel-Vue-Inertia-general-purpose/vendor/laravel/framework/src/Illuminate/View/FileViewFinder.php:138)
[stacktrace]
#0 /home/houdaifayahia/www/Laravel-Vue-Inertia-general-purpose/vendor/laravel/framework/src/Illuminate/View/FileViewFinder.php(78): Illuminate\\View\\FileViewFinder->findInPaths()
#1 /home/houdaifayahia/www/Laravel-Vue-Inertia-general-purpose/vendor/laravel/framework/src/Illuminate/View/Factory.php(150): Illuminate\\View\\FileViewFinder->find()
#2 /home/houdaifayahia/www/Laravel-Vue-Inertia-general-purpose/vendor/laravel/framework/src/Illuminate/Routing/ResponseFactory.php(91): Illuminate\\View\\Factory->make()
#3 /home/houdaifayahia/www/Laravel-Vue-Inertia-general-purpose/vendor/laravel/framework/src/Illuminate/Support/Facades/Facade.php(363): Illuminate\\Routing\\ResponseFactory->view()
#4 /home/houdaifayahia/www/Laravel-Vue-Inertia-general-purpose/vendor/inertiajs/inertia-laravel/src/Response.php(199): Illuminate\\Support\\Facades\\Facade::__callStatic()
#5 /home/houdaifayahia/www/Laravel-Vue-Inertia-general-purpose/vendor/laravel/framework/src/Illuminate/Routing/Router.php(921): Inertia\\Response->toResponse()
#6 /home/houdaifayahia/www/Laravel-Vue-Inertia-general-purpose/vendor/laravel/framework/src/Illuminate/Routing/Router.php(906): Illuminate\\Routing\\Router::toResponse()
#7 /home/houdaifayahia/www/Laravel-Vue-Inertia-general-purpose/vendor/laravel/framework/src/Illuminate/Routing/Router.php(821): Illuminate\\Routing\\Router->prepareResponse()
#8 /home/houdaifayahia/www/Laravel-Vue-Inertia-general-purpose/vendor/laravel/framework/src/Illuminate/Pipeline/Pipeline.php(180): Illuminate\\Routing\\Router->Illuminate\\Routing\\{closure}()
#9 /home/houdaifayahia/www/Laravel-Vue-Inertia-general-purpose/vendor/spatie/laravel-permission/src/Middleware/PermissionMiddleware.php(37): Illuminate\\Pipeline\\Pipeline->Illuminate\\Pipeline\\{closure}()
#10 /home/houdaifayahia/www/Laravel-Vue-Inertia-general-purpose/vendor/laravel/framework/src/Illuminate/Pipeline/Pipeline.php(219): Spatie\\Permission\\Middleware\\PermissionMiddleware->handle()
#11 /home/houdaifayahia/www/Laravel-Vue-Inertia-general-purpose/vendor/laravel/framework/src/Illuminate/Auth/Middleware/EnsureEmailIsVerified.php(41): Illuminate\\Pipeline\\Pipeline->Illuminate\\Pipeline\\{closure}()
#12 /home/houdaifayahia/www/Laravel-Vue-Inertia-general-purpose/vendor/laravel/framework/src/Illuminate/Pipeline/Pipeline.php(219): Illuminate\\Auth\\Middleware\\EnsureEmailIsVerified->handle()
#13 /home/houdaifayahia/www/Laravel-Vue-Inertia-general-purpose/app/Http/Middleware/SetLocaleMiddleware.php(32): Illuminate\\Pipeline\\Pipeline->Illuminate\\Pipeline\\{closure}()
#14 /home/houdaifayahia/www/Laravel-Vue-Inertia-general-purpose/vendor/laravel/framework/src/Illuminate/Pipeline/Pipeline.php(219): App\\Http\\Middleware\\SetLocaleMiddleware->handle()
#15 /home/houdaifayahia/www/Laravel-Vue-Inertia-general-purpose/vendor/laravel/framework/src/Illuminate/Http/Middleware/AddLinkHeadersForPreloadedAssets.php(32): Illuminate\\Pipeline\\Pipeline->Illuminate\\Pipeline\\{closure}()
#16 /home/houdaifayahia/www/Laravel-Vue-Inertia-general-purpose/vendor/laravel/framework/src/Illuminate/Pipeline/Pipeline.php(219): Illuminate\\Http\\Middleware\\AddLinkHeadersForPreloadedAssets->handle()
#17 /home/houdaifayahia/www/Laravel-Vue-Inertia-general-purpose/vendor/inertiajs/inertia-laravel/src/Middleware.php(96): Illuminate\\Pipeline\\Pipeline->Illuminate\\Pipeline\\{closure}()
#18 /home/houdaifayahia/www/Laravel-Vue-Inertia-general-purpose/vendor/laravel/framework/src/Illuminate/Pipeline/Pipeline.php(219): Inertia\\Middleware->handle()
#19 /home/houdaifayahia/www/Laravel-Vue-Inertia-general-purpose/app/Http/Middleware/HandleAppearance.php(21): Illuminate\\Pipeline\\Pipeline->Illuminate\\Pipeline\\{closure}()
#20 /home/houdaifayahia/www/Laravel-Vue-Inertia-general-purpose/vendor/laravel/framework/src/Illuminate/Pipeline/Pipeline.php(219): App\\Http\\Middleware\\HandleAppearance->handle()
#21 /home/houdaifayahia/www/Laravel-Vue-Inertia-general-purpose/vendor/laravel/framework/src/Illuminate/Routing/Middleware/SubstituteBindings.php(50): Illuminate\\Pipeline\\Pipeline->Illuminate\\Pipeline\\{closure}()
#22 /home/houdaifayahia/www/Laravel-Vue-Inertia-general-purpose/vendor/laravel/framework/src/Illuminate/Pipeline/Pipeline.php(219): Illuminate\\Routing\\Middleware\\SubstituteBindings->handle()
#23 /home/houdaifayahia/www/Laravel-Vue-Inertia-general-purpose/vendor/laravel/framework/src/Illuminate/Auth/Middleware/Authenticate.php(63): Illuminate\\Pipeline\\Pipeline->Illuminate\\Pipeline\\{closure}()
#24 /home/houdaifayahia/www/Laravel-Vue-Inertia-general-purpose/vendor/laravel/framework/src/Illuminate/Pipeline/Pipeline.php(219): Illuminate\\Auth\\Middleware\\Authenticate->handle()
#25 /home/houdaifayahia/www/Laravel-Vue-Inertia-general-purpose/vendor/laravel/framework/src/Illuminate/Foundation/Http/Middleware/VerifyCsrfToken.php(87): Illuminate\\Pipeline\\Pipeline->Illuminate\\Pipeline\\{closure}()
#26 /home/houdaifayahia/www/Laravel-Vue-Inertia-general-purpose/vendor/laravel/framework/src/Illuminate/Pipeline/Pipeline.php(219): Illuminate\\Foundation\\Http\\Middleware\\VerifyCsrfToken->handle()
#27 /home/houdaifayahia/www/Laravel-Vue-Inertia-general-purpose/vendor/laravel/framework/src/Illuminate/View/Middleware/ShareErrorsFromSession.php(48): Illuminate\\Pipeline\\Pipeline->Illuminate\\Pipeline\\{closure}()
#28 /home/houdaifayahia/www/Laravel-Vue-Inertia-general-purpose/vendor/laravel/framework/src/Illuminate/Pipeline/Pipeline.php(219): Illuminate\\View\\Middleware\\ShareErrorsFromSession->handle()
#29 /home/houdaifayahia/www/Laravel-Vue-Inertia-general-purpose/vendor/laravel/framework/src/Illuminate/Session/Middleware/StartSession.php(120): Illuminate\\Pipeline\\Pipeline->Illuminate\\Pipeline\\{closure}()
#30 /home/houdaifayahia/www/Laravel-Vue-Inertia-general-purpose/vendor/laravel/framework/src/Illuminate/Session/Middleware/StartSession.php(63): Illuminate\\Session\\Middleware\\StartSession->handleStatefulRequest()
#31 /home/houdaifayahia/www/Laravel-Vue-Inertia-general-purpose/vendor/laravel/framework/src/Illuminate/Pipeline/Pipeline.php(219): Illuminate\\Session\\Middleware\\StartSession->handle()
#32 /home/houdaifayahia/www/Laravel-Vue-Inertia-general-purpose/vendor/laravel/framework/src/Illuminate/Cookie/Middleware/AddQueuedCookiesToResponse.php(36): Illuminate\\Pipeline\\Pipeline->Illuminate\\Pipeline\\{closure}()
#33 /home/houdaifayahia/www/Laravel-Vue-Inertia-general-purpose/vendor/laravel/framework/src/Illuminate/Pipeline/Pipeline.php(219): Illuminate\\Cookie\\Middleware\\AddQueuedCookiesToResponse->handle()
#34 /home/houdaifayahia/www/Laravel-Vue-Inertia-general-purpose/vendor/laravel/framework/src/Illuminate/Cookie/Middleware/EncryptCookies.php(74): Illuminate\\Pipeline\\Pipeline->Illuminate\\Pipeline\\{closure}()
#35 /home/houdaifayahia/www/Laravel-Vue-Inertia-general-purpose/vendor/laravel/framework/src/Illuminate/Pipeline/Pipeline.php(219): Illuminate\\Cookie\\Middleware\\EncryptCookies->handle()
#36 /home/houdaifayahia/www/Laravel-Vue-Inertia-general-purpose/vendor/laravel/framework/src/Illuminate/Pipeline/Pipeline.php(137): Illuminate\\Pipeline\\Pipeline->Illuminate\\Pipeline\\{closure}()
#37 /home/houdaifayahia/www/Laravel-Vue-Inertia-general-purpose/vendor/laravel/framework/src/Illuminate/Routing/Router.php(821): Illuminate\\Pipeline\\Pipeline->then()
#38 /home/houdaifayahia/www/Laravel-Vue-Inertia-general-purpose/vendor/laravel/framework/src/Illuminate/Routing/Router.php(800): Illuminate\\Routing\\Router->runRouteWithinStack()
#39 /home/houdaifayahia/www/Laravel-Vue-Inertia-general-purpose/vendor/laravel/framework/src/Illuminate/Routing/Router.php(764): Illuminate\\Routing\\Router->runRoute()
#40 /home/houdaifayahia/www/Laravel-Vue-Inertia-general-purpose/vendor/laravel/framework/src/Illuminate/Routing/Router.php(753): Illuminate\\Routing\\Router->dispatchToRoute()
#41 /home/houdaifayahia/www/Laravel-Vue-Inertia-general-purpose/vendor/laravel/framework/src/Illuminate/Foundation/Http/Kernel.php(200): Illuminate\\Routing\\Router->dispatch()
#42 /home/houdaifayahia/www/Laravel-Vue-Inertia-general-purpose/vendor/laravel/framework/src/Illuminate/Pipeline/Pipeline.php(180): Illuminate\\Foundation\\Http\\Kernel->Illuminate\\Foundation\\Http\\{closure}()
#43 /home/houdaifayahia/www/Laravel-Vue-Inertia-general-purpose/vendor/laravel/framework/src/Illuminate/Foundation/Http/Middleware/TransformsRequest.php(21): Illuminate\\Pipeline\\Pipeline->Illuminate\\Pipeline\\{closure}()
#44 /home/houdaifayahia/www/Laravel-Vue-Inertia-general-purpose/vendor/laravel/framework/src/Illuminate/Foundation/Http/Middleware/ConvertEmptyStringsToNull.php(31): Illuminate\\Foundation\\Http\\Middleware\\TransformsRequest->handle()
#45 /home/houdaifayahia/www/Laravel-Vue-Inertia-general-purpose/vendor/laravel/framework/src/Illuminate/Pipeline/Pipeline.php(219): Illuminate\\Foundation\\Http\\Middleware\\ConvertEmptyStringsToNull->handle()
#46 /home/houdaifayahia/www/Laravel-Vue-Inertia-general-purpose/vendor/laravel/framework/src/Illuminate/Foundation/Http/Middleware/TransformsRequest.php(21): Illuminate\\Pipeline\\Pipeline->Illuminate\\Pipeline\\{closure}()
#47 /home/houdaifayahia/www/Laravel-Vue-Inertia-general-purpose/vendor/laravel/framework/src/Illuminate/Foundation/Http/Middleware/TrimStrings.php(51): Illuminate\\Foundation\\Http\\Middleware\\TransformsRequest->handle()
#48 /home/houdaifayahia/www/Laravel-Vue-Inertia-general-purpose/vendor/laravel/framework/src/Illuminate/Pipeline/Pipeline.php(219): Illuminate\\Foundation\\Http\\Middleware\\TrimStrings->handle()
#49 /home/houdaifayahia/www/Laravel-Vue-Inertia-general-purpose/vendor/laravel/framework/src/Illuminate/Http/Middleware/ValidatePostSize.php(27): Illuminate\\Pipeline\\Pipeline->Illuminate\\Pipeline\\{closure}()
#50 /home/houdaifayahia/www/Laravel-Vue-Inertia-general-purpose/vendor/laravel/framework/src/Illuminate/Pipeline/Pipeline.php(219): Illuminate\\Http\\Middleware\\ValidatePostSize->handle()
#51 /home/houdaifayahia/www/Laravel-Vue-Inertia-general-purpose/vendor/laravel/framework/src/Illuminate/Foundation/Http/Middleware/PreventRequestsDuringMaintenance.php(109): Illuminate\\Pipeline\\Pipeline->Illuminate\\Pipeline\\{closure}()
#52 /home/houdaifayahia/www/Laravel-Vue-Inertia-general-purpose/vendor/laravel/framework/src/Illuminate/Pipeline/Pipeline.php(219): Illuminate\\Foundation\\Http\\Middleware\\PreventRequestsDuringMaintenance->handle()
#53 /home/houdaifayahia/www/Laravel-Vue-Inertia-general-purpose/vendor/laravel/framework/src/Illuminate/Http/Middleware/HandleCors.php(48): Illuminate\\Pipeline\\Pipeline->Illuminate\\Pipeline\\{closure}()
#54 /home/houdaifayahia/www/Laravel-Vue-Inertia-general-purpose/vendor/laravel/framework/src/Illuminate/Pipeline/Pipeline.php(219): Illuminate\\Http\\Middleware\\HandleCors->handle()
#55 /home/houdaifayahia/www/Laravel-Vue-Inertia-general-purpose/vendor/laravel/framework/src/Illuminate/Http/Middleware/TrustProxies.php(58): Illuminate\\Pipeline\\Pipeline->Illuminate\\Pipeline\\{closure}()
#56 /home/houdaifayahia/www/Laravel-Vue-Inertia-general-purpose/vendor/laravel/framework/src/Illuminate/Pipeline/Pipeline.php(219): Illuminate\\Http\\Middleware\\TrustProxies->handle()
#57 /home/houdaifayahia/www/Laravel-Vue-Inertia-general-purpose/vendor/laravel/framework/src/Illuminate/Foundation/Http/Middleware/InvokeDeferredCallbacks.php(22): Illuminate\\Pipeline\\Pipeline->Illuminate\\Pipeline\\{closure}()
#58 /home/houdaifayahia/www/Laravel-Vue-Inertia-general-purpose/vendor/laravel/framework/src/Illuminate/Pipeline/Pipeline.php(219): Illuminate\\Foundation\\Http\\Middleware\\InvokeDeferredCallbacks->handle()
#59 /home/houdaifayahia/www/Laravel-Vue-Inertia-general-purpose/vendor/laravel/framework/src/Illuminate/Http/Middleware/ValidatePathEncoding.php(26): Illuminate\\Pipeline\\Pipeline->Illuminate\\Pipeline\\{closure}()
#60 /home/houdaifayahia/www/Laravel-Vue-Inertia-general-purpose/vendor/laravel/framework/src/Illuminate/Pipeline/Pipeline.php(219): Illuminate\\Http\\Middleware\\ValidatePathEncoding->handle()
#61 /home/houdaifayahia/www/Laravel-Vue-Inertia-general-purpose/vendor/laravel/framework/src/Illuminate/Pipeline/Pipeline.php(137): Illuminate\\Pipeline\\Pipeline->Illuminate\\Pipeline\\{closure}()
#62 /home/houdaifayahia/www/Laravel-Vue-Inertia-general-purpose/vendor/laravel/framework/src/Illuminate/Foundation/Http/Kernel.php(175): Illuminate\\Pipeline\\Pipeline->then()
#63 /home/houdaifayahia/www/Laravel-Vue-Inertia-general-purpose/vendor/laravel/framework/src/Illuminate/Foundation/Http/Kernel.php(144): Illuminate\\Foundation\\Http\\Kernel->sendRequestThroughRouter()
#64 /home/houdaifayahia/www/Laravel-Vue-Inertia-general-purpose/vendor/laravel/framework/src/Illuminate/Foundation/Application.php(1220): Illuminate\\Foundation\\Http\\Kernel->handle()
#65 /home/houdaifayahia/www/Laravel-Vue-Inertia-general-purpose/public/index.php(20): Illuminate\\Foundation\\Application->handleRequest()
#66 /home/houdaifayahia/www/Laravel-Vue-Inertia-general-purpose/vendor/laravel/framework/src/Illuminate/Foundation/resources/server.php(23): require_once('...')
#67 {main}
"} 
[2025-11-05 12:06:57] local.ERROR: View [app] not found. {"userId":1,"exception":"[object] (InvalidArgumentException(code: 0): View [app] not found. at /home/houdaifayahia/www/Laravel-Vue-Inertia-general-purpose/vendor/laravel/framework/src/Illuminate/View/FileViewFinder.php:138)
[stacktrace]
#0 /home/houdaifayahia/www/Laravel-Vue-Inertia-general-purpose/vendor/laravel/framework/src/Illuminate/View/FileViewFinder.php(78): Illuminate\\View\\FileViewFinder->findInPaths()
#1 /home/houdaifayahia/www/Laravel-Vue-Inertia-general-purpose/vendor/laravel/framework/src/Illuminate/View/Factory.php(150): Illuminate\\View\\FileViewFinder->find()
#2 /home/houdaifayahia/www/Laravel-Vue-Inertia-general-purpose/vendor/laravel/framework/src/Illuminate/Routing/ResponseFactory.php(91): Illuminate\\View\\Factory->make()
#3 /home/houdaifayahia/www/Laravel-Vue-Inertia-general-purpose/vendor/laravel/framework/src/Illuminate/Support/Facades/Facade.php(363): Illuminate\\Routing\\ResponseFactory->view()
#4 /home/houdaifayahia/www/Laravel-Vue-Inertia-general-purpose/vendor/inertiajs/inertia-laravel/src/Response.php(199): Illuminate\\Support\\Facades\\Facade::__callStatic()
#5 /home/houdaifayahia/www/Laravel-Vue-Inertia-general-purpose/vendor/laravel/framework/src/Illuminate/Routing/Router.php(921): Inertia\\Response->toResponse()
#6 /home/houdaifayahia/www/Laravel-Vue-Inertia-general-purpose/vendor/laravel/framework/src/Illuminate/Routing/Router.php(906): Illuminate\\Routing\\Router::toResponse()
#7 /home/houdaifayahia/www/Laravel-Vue-Inertia-general-purpose/vendor/laravel/framework/src/Illuminate/Routing/Router.php(821): Illuminate\\Routing\\Router->prepareResponse()
#8 /home/houdaifayahia/www/Laravel-Vue-Inertia-general-purpose/vendor/laravel/framework/src/Illuminate/Pipeline/Pipeline.php(180): Illuminate\\Routing\\Router->Illuminate\\Routing\\{closure}()
#9 /home/houdaifayahia/www/Laravel-Vue-Inertia-general-purpose/vendor/spatie/laravel-permission/src/Middleware/PermissionMiddleware.php(37): Illuminate\\Pipeline\\Pipeline->Illuminate\\Pipeline\\{closure}()
#10 /home/houdaifayahia/www/Laravel-Vue-Inertia-general-purpose/vendor/laravel/framework/src/Illuminate/Pipeline/Pipeline.php(219): Spatie\\Permission\\Middleware\\PermissionMiddleware->handle()
#11 /home/houdaifayahia/www/Laravel-Vue-Inertia-general-purpose/vendor/laravel/framework/src/Illuminate/Auth/Middleware/EnsureEmailIsVerified.php(41): Illuminate\\Pipeline\\Pipeline->Illuminate\\Pipeline\\{closure}()
#12 /home/houdaifayahia/www/Laravel-Vue-Inertia-general-purpose/vendor/laravel/framework/src/Illuminate/Pipeline/Pipeline.php(219): Illuminate\\Auth\\Middleware\\EnsureEmailIsVerified->handle()
#13 /home/houdaifayahia/www/Laravel-Vue-Inertia-general-purpose/app/Http/Middleware/SetLocaleMiddleware.php(32): Illuminate\\Pipeline\\Pipeline->Illuminate\\Pipeline\\{closure}()
#14 /home/houdaifayahia/www/Laravel-Vue-Inertia-general-purpose/vendor/laravel/framework/src/Illuminate/Pipeline/Pipeline.php(219): App\\Http\\Middleware\\SetLocaleMiddleware->handle()
#15 /home/houdaifayahia/www/Laravel-Vue-Inertia-general-purpose/vendor/laravel/framework/src/Illuminate/Http/Middleware/AddLinkHeadersForPreloadedAssets.php(32): Illuminate\\Pipeline\\Pipeline->Illuminate\\Pipeline\\{closure}()
#16 /home/houdaifayahia/www/Laravel-Vue-Inertia-general-purpose/vendor/laravel/framework/src/Illuminate/Pipeline/Pipeline.php(219): Illuminate\\Http\\Middleware\\AddLinkHeadersForPreloadedAssets->handle()
#17 /home/houdaifayahia/www/Laravel-Vue-Inertia-general-purpose/vendor/inertiajs/inertia-laravel/src/Middleware.php(96): Illuminate\\Pipeline\\Pipeline->Illuminate\\Pipeline\\{closure}()
#18 /home/houdaifayahia/www/Laravel-Vue-Inertia-general-purpose/vendor/laravel/framework/src/Illuminate/Pipeline/Pipeline.php(219): Inertia\\Middleware->handle()
#19 /home/houdaifayahia/www/Laravel-Vue-Inertia-general-purpose/app/Http/Middleware/HandleAppearance.php(21): Illuminate\\Pipeline\\Pipeline->Illuminate\\Pipeline\\{closure}()
#20 /home/houdaifayahia/www/Laravel-Vue-Inertia-general-purpose/vendor/laravel/framework/src/Illuminate/Pipeline/Pipeline.php(219): App\\Http\\Middleware\\HandleAppearance->handle()
#21 /home/houdaifayahia/www/Laravel-Vue-Inertia-general-purpose/vendor/laravel/framework/src/Illuminate/Routing/Middleware/SubstituteBindings.php(50): Illuminate\\Pipeline\\Pipeline->Illuminate\\Pipeline\\{closure}()
#22 /home/houdaifayahia/www/Laravel-Vue-Inertia-general-purpose/vendor/laravel/framework/src/Illuminate/Pipeline/Pipeline.php(219): Illuminate\\Routing\\Middleware\\SubstituteBindings->handle()
#23 /home/houdaifayahia/www/Laravel-Vue-Inertia-general-purpose/vendor/laravel/framework/src/Illuminate/Auth/Middleware/Authenticate.php(63): Illuminate\\Pipeline\\Pipeline->Illuminate\\Pipeline\\{closure}()
#24 /home/houdaifayahia/www/Laravel-Vue-Inertia-general-purpose/vendor/laravel/framework/src/Illuminate/Pipeline/Pipeline.php(219): Illuminate\\Auth\\Middleware\\Authenticate->handle()
#25 /home/houdaifayahia/www/Laravel-Vue-Inertia-general-purpose/vendor/laravel/framework/src/Illuminate/Foundation/Http/Middleware/VerifyCsrfToken.php(87): Illuminate\\Pipeline\\Pipeline->Illuminate\\Pipeline\\{closure}()
#26 /home/houdaifayahia/www/Laravel-Vue-Inertia-general-purpose/vendor/laravel/framework/src/Illuminate/Pipeline/Pipeline.php(219): Illuminate\\Foundation\\Http\\Middleware\\VerifyCsrfToken->handle()
#27 /home/houdaifayahia/www/Laravel-Vue-Inertia-general-purpose/vendor/laravel/framework/src/Illuminate/View/Middleware/ShareErrorsFromSession.php(48): Illuminate\\Pipeline\\Pipeline->Illuminate\\Pipeline\\{closure}()
#28 /home/houdaifayahia/www/Laravel-Vue-Inertia-general-purpose/vendor/laravel/framework/src/Illuminate/Pipeline/Pipeline.php(219): Illuminate\\View\\Middleware\\ShareErrorsFromSession->handle()
#29 /home/houdaifayahia/www/Laravel-Vue-Inertia-general-purpose/vendor/laravel/framework/src/Illuminate/Session/Middleware/StartSession.php(120): Illuminate\\Pipeline\\Pipeline->Illuminate\\Pipeline\\{closure}()
#30 /home/houdaifayahia/www/Laravel-Vue-Inertia-general-purpose/vendor/laravel/framework/src/Illuminate/Session/Middleware/StartSession.php(63): Illuminate\\Session\\Middleware\\StartSession->handleStatefulRequest()
#31 /home/houdaifayahia/www/Laravel-Vue-Inertia-general-purpose/vendor/laravel/framework/src/Illuminate/Pipeline/Pipeline.php(219): Illuminate\\Session\\Middleware\\StartSession->handle()
#32 /home/houdaifayahia/www/Laravel-Vue-Inertia-general-purpose/vendor/laravel/framework/src/Illuminate/Cookie/Middleware/AddQueuedCookiesToResponse.php(36): Illuminate\\Pipeline\\Pipeline->Illuminate\\Pipeline\\{closure}()
#33 /home/houdaifayahia/www/Laravel-Vue-Inertia-general-purpose/vendor/laravel/framework/src/Illuminate/Pipeline/Pipeline.php(219): Illuminate\\Cookie\\Middleware\\AddQueuedCookiesToResponse->handle()
#34 /home/houdaifayahia/www/Laravel-Vue-Inertia-general-purpose/vendor/laravel/framework/src/Illuminate/Cookie/Middleware/EncryptCookies.php(74): Illuminate\\Pipeline\\Pipeline->Illuminate\\Pipeline\\{closure}()
#35 /home/houdaifayahia/www/Laravel-Vue-Inertia-general-purpose/vendor/laravel/framework/src/Illuminate/Pipeline/Pipeline.php(219): Illuminate\\Cookie\\Middleware\\EncryptCookies->handle()
#36 /home/houdaifayahia/www/Laravel-Vue-Inertia-general-purpose/vendor/laravel/framework/src/Illuminate/Pipeline/Pipeline.php(137): Illuminate\\Pipeline\\Pipeline->Illuminate\\Pipeline\\{closure}()
#37 /home/houdaifayahia/www/Laravel-Vue-Inertia-general-purpose/vendor/laravel/framework/src/Illuminate/Routing/Router.php(821): Illuminate\\Pipeline\\Pipeline->then()
#38 /home/houdaifayahia/www/Laravel-Vue-Inertia-general-purpose/vendor/laravel/framework/src/Illuminate/Routing/Router.php(800): Illuminate\\Routing\\Router->runRouteWithinStack()
#39 /home/houdaifayahia/www/Laravel-Vue-Inertia-general-purpose/vendor/laravel/framework/src/Illuminate/Routing/Router.php(764): Illuminate\\Routing\\Router->runRoute()
#40 /home/houdaifayahia/www/Laravel-Vue-Inertia-general-purpose/vendor/laravel/framework/src/Illuminate/Routing/Router.php(753): Illuminate\\Routing\\Router->dispatchToRoute()
#41 /home/houdaifayahia/www/Laravel-Vue-Inertia-general-purpose/vendor/laravel/framework/src/Illuminate/Foundation/Http/Kernel.php(200): Illuminate\\Routing\\Router->dispatch()
#42 /home/houdaifayahia/www/Laravel-Vue-Inertia-general-purpose/vendor/laravel/framework/src/Illuminate/Pipeline/Pipeline.php(180): Illuminate\\Foundation\\Http\\Kernel->Illuminate\\Foundation\\Http\\{closure}()
#43 /home/houdaifayahia/www/Laravel-Vue-Inertia-general-purpose/vendor/laravel/framework/src/Illuminate/Foundation/Http/Middleware/TransformsRequest.php(21): Illuminate\\Pipeline\\Pipeline->Illuminate\\Pipeline\\{closure}()
#44 /home/houdaifayahia/www/Laravel-Vue-Inertia-general-purpose/vendor/laravel/framework/src/Illuminate/Foundation/Http/Middleware/ConvertEmptyStringsToNull.php(31): Illuminate\\Foundation\\Http\\Middleware\\TransformsRequest->handle()
#45 /home/houdaifayahia/www/Laravel-Vue-Inertia-general-purpose/vendor/laravel/framework/src/Illuminate/Pipeline/Pipeline.php(219): Illuminate\\Foundation\\Http\\Middleware\\ConvertEmptyStringsToNull->handle()
#46 /home/houdaifayahia/www/Laravel-Vue-Inertia-general-purpose/vendor/laravel/framework/src/Illuminate/Foundation/Http/Middleware/TransformsRequest.php(21): Illuminate\\Pipeline\\Pipeline->Illuminate\\Pipeline\\{closure}()
#47 /home/houdaifayahia/www/Laravel-Vue-Inertia-general-purpose/vendor/laravel/framework/src/Illuminate/Foundation/Http/Middleware/TrimStrings.php(51): Illuminate\\Foundation\\Http\\Middleware\\TransformsRequest->handle()
#48 /home/houdaifayahia/www/Laravel-Vue-Inertia-general-purpose/vendor/laravel/framework/src/Illuminate/Pipeline/Pipeline.php(219): Illuminate\\Foundation\\Http\\Middleware\\TrimStrings->handle()
#49 /home/houdaifayahia/www/Laravel-Vue-Inertia-general-purpose/vendor/laravel/framework/src/Illuminate/Http/Middleware/ValidatePostSize.php(27): Illuminate\\Pipeline\\Pipeline->Illuminate\\Pipeline\\{closure}()
#50 /home/houdaifayahia/www/Laravel-Vue-Inertia-general-purpose/vendor/laravel/framework/src/Illuminate/Pipeline/Pipeline.php(219): Illuminate\\Http\\Middleware\\ValidatePostSize->handle()
#51 /home/houdaifayahia/www/Laravel-Vue-Inertia-general-purpose/vendor/laravel/framework/src/Illuminate/Foundation/Http/Middleware/PreventRequestsDuringMaintenance.php(109): Illuminate\\Pipeline\\Pipeline->Illuminate\\Pipeline\\{closure}()
#52 /home/houdaifayahia/www/Laravel-Vue-Inertia-general-purpose/vendor/laravel/framework/src/Illuminate/Pipeline/Pipeline.php(219): Illuminate\\Foundation\\Http\\Middleware\\PreventRequestsDuringMaintenance->handle()
#53 /home/houdaifayahia/www/Laravel-Vue-Inertia-general-purpose/vendor/laravel/framework/src/Illuminate/Http/Middleware/HandleCors.php(48): Illuminate\\Pipeline\\Pipeline->Illuminate\\Pipeline\\{closure}()
#54 /home/houdaifayahia/www/Laravel-Vue-Inertia-general-purpose/vendor/laravel/framework/src/Illuminate/Pipeline/Pipeline.php(219): Illuminate\\Http\\Middleware\\HandleCors->handle()
#55 /home/houdaifayahia/www/Laravel-Vue-Inertia-general-purpose/vendor/laravel/framework/src/Illuminate/Http/Middleware/TrustProxies.php(58): Illuminate\\Pipeline\\Pipeline->Illuminate\\Pipeline\\{closure}()
#56 /home/houdaifayahia/www/Laravel-Vue-Inertia-general-purpose/vendor/laravel/framework/src/Illuminate/Pipeline/Pipeline.php(219): Illuminate\\Http\\Middleware\\TrustProxies->handle()
#57 /home/houdaifayahia/www/Laravel-Vue-Inertia-general-purpose/vendor/laravel/framework/src/Illuminate/Foundation/Http/Middleware/InvokeDeferredCallbacks.php(22): Illuminate\\Pipeline\\Pipeline->Illuminate\\Pipeline\\{closure}()
#58 /home/houdaifayahia/www/Laravel-Vue-Inertia-general-purpose/vendor/laravel/framework/src/Illuminate/Pipeline/Pipeline.php(219): Illuminate\\Foundation\\Http\\Middleware\\InvokeDeferredCallbacks->handle()
#59 /home/houdaifayahia/www/Laravel-Vue-Inertia-general-purpose/vendor/laravel/framework/src/Illuminate/Http/Middleware/ValidatePathEncoding.php(26): Illuminate\\Pipeline\\Pipeline->Illuminate\\Pipeline\\{closure}()
#60 /home/houdaifayahia/www/Laravel-Vue-Inertia-general-purpose/vendor/laravel/framework/src/Illuminate/Pipeline/Pipeline.php(219): Illuminate\\Http\\Middleware\\ValidatePathEncoding->handle()
#61 /home/houdaifayahia/www/Laravel-Vue-Inertia-general-purpose/vendor/laravel/framework/src/Illuminate/Pipeline/Pipeline.php(137): Illuminate\\Pipeline\\Pipeline->Illuminate\\Pipeline\\{closure}()
#62 /home/houdaifayahia/www/Laravel-Vue-Inertia-general-purpose/vendor/laravel/framework/src/Illuminate/Foundation/Http/Kernel.php(175): Illuminate\\Pipeline\\Pipeline->then()
#63 /home/houdaifayahia/www/Laravel-Vue-Inertia-general-purpose/vendor/laravel/framework/src/Illuminate/Foundation/Http/Kernel.php(144): Illuminate\\Foundation\\Http\\Kernel->sendRequestThroughRouter()
#64 /home/houdaifayahia/www/Laravel-Vue-Inertia-general-purpose/vendor/laravel/framework/src/Illuminate/Foundation/Application.php(1220): Illuminate\\Foundation\\Http\\Kernel->handle()
#65 /home/houdaifayahia/www/Laravel-Vue-Inertia-general-purpose/public/index.php(20): Illuminate\\Foundation\\Application->handleRequest()
#66 /home/houdaifayahia/www/Laravel-Vue-Inertia-general-purpose/vendor/laravel/framework/src/Illuminate/Foundation/resources/server.php(23): require_once('...')
#67 {main}
"} 
[2025-11-05 12:07:08] local.ERROR: View [app] not found. {"userId":1,"exception":"[object] (InvalidArgumentException(code: 0): View [app] not found. at /home/houdaifayahia/www/Laravel-Vue-Inertia-general-purpose/vendor/laravel/framework/src/Illuminate/View/FileViewFinder.php:138)
[stacktrace]
#0 /home/houdaifayahia/www/Laravel-Vue-Inertia-general-purpose/vendor/laravel/framework/src/Illuminate/View/FileViewFinder.php(78): Illuminate\\View\\FileViewFinder->findInPaths()
#1 /home/houdaifayahia/www/Laravel-Vue-Inertia-general-purpose/vendor/laravel/framework/src/Illuminate/View/Factory.php(150): Illuminate\\View\\FileViewFinder->find()
#2 /home/houdaifayahia/www/Laravel-Vue-Inertia-general-purpose/vendor/laravel/framework/src/Illuminate/Routing/ResponseFactory.php(91): Illuminate\\View\\Factory->make()
#3 /home/houdaifayahia/www/Laravel-Vue-Inertia-general-purpose/vendor/laravel/framework/src/Illuminate/Support/Facades/Facade.php(363): Illuminate\\Routing\\ResponseFactory->view()
#4 /home/houdaifayahia/www/Laravel-Vue-Inertia-general-purpose/vendor/inertiajs/inertia-laravel/src/Response.php(199): Illuminate\\Support\\Facades\\Facade::__callStatic()
#5 /home/houdaifayahia/www/Laravel-Vue-Inertia-general-purpose/vendor/laravel/framework/src/Illuminate/Routing/Router.php(921): Inertia\\Response->toResponse()
#6 /home/houdaifayahia/www/Laravel-Vue-Inertia-general-purpose/vendor/laravel/framework/src/Illuminate/Routing/Router.php(906): Illuminate\\Routing\\Router::toResponse()
#7 /home/houdaifayahia/www/Laravel-Vue-Inertia-general-purpose/vendor/laravel/framework/src/Illuminate/Routing/Router.php(821): Illuminate\\Routing\\Router->prepareResponse()
#8 /home/houdaifayahia/www/Laravel-Vue-Inertia-general-purpose/vendor/laravel/framework/src/Illuminate/Pipeline/Pipeline.php(180): Illuminate\\Routing\\Router->Illuminate\\Routing\\{closure}()
#9 /home/houdaifayahia/www/Laravel-Vue-Inertia-general-purpose/vendor/spatie/laravel-permission/src/Middleware/PermissionMiddleware.php(37): Illuminate\\Pipeline\\Pipeline->Illuminate\\Pipeline\\{closure}()
#10 /home/houdaifayahia/www/Laravel-Vue-Inertia-general-purpose/vendor/laravel/framework/src/Illuminate/Pipeline/Pipeline.php(219): Spatie\\Permission\\Middleware\\PermissionMiddleware->handle()
#11 /home/houdaifayahia/www/Laravel-Vue-Inertia-general-purpose/vendor/laravel/framework/src/Illuminate/Auth/Middleware/EnsureEmailIsVerified.php(41): Illuminate\\Pipeline\\Pipeline->Illuminate\\Pipeline\\{closure}()
#12 /home/houdaifayahia/www/Laravel-Vue-Inertia-general-purpose/vendor/laravel/framework/src/Illuminate/Pipeline/Pipeline.php(219): Illuminate\\Auth\\Middleware\\EnsureEmailIsVerified->handle()
#13 /home/houdaifayahia/www/Laravel-Vue-Inertia-general-purpose/app/Http/Middleware/SetLocaleMiddleware.php(32): Illuminate\\Pipeline\\Pipeline->Illuminate\\Pipeline\\{closure}()
#14 /home/houdaifayahia/www/Laravel-Vue-Inertia-general-purpose/vendor/laravel/framework/src/Illuminate/Pipeline/Pipeline.php(219): App\\Http\\Middleware\\SetLocaleMiddleware->handle()
#15 /home/houdaifayahia/www/Laravel-Vue-Inertia-general-purpose/vendor/laravel/framework/src/Illuminate/Http/Middleware/AddLinkHeadersForPreloadedAssets.php(32): Illuminate\\Pipeline\\Pipeline->Illuminate\\Pipeline\\{closure}()
#16 /home/houdaifayahia/www/Laravel-Vue-Inertia-general-purpose/vendor/laravel/framework/src/Illuminate/Pipeline/Pipeline.php(219): Illuminate\\Http\\Middleware\\AddLinkHeadersForPreloadedAssets->handle()
#17 /home/houdaifayahia/www/Laravel-Vue-Inertia-general-purpose/vendor/inertiajs/inertia-laravel/src/Middleware.php(96): Illuminate\\Pipeline\\Pipeline->Illuminate\\Pipeline\\{closure}()
#18 /home/houdaifayahia/www/Laravel-Vue-Inertia-general-purpose/vendor/laravel/framework/src/Illuminate/Pipeline/Pipeline.php(219): Inertia\\Middleware->handle()
#19 /home/houdaifayahia/www/Laravel-Vue-Inertia-general-purpose/app/Http/Middleware/HandleAppearance.php(21): Illuminate\\Pipeline\\Pipeline->Illuminate\\Pipeline\\{closure}()
#20 /home/houdaifayahia/www/Laravel-Vue-Inertia-general-purpose/vendor/laravel/framework/src/Illuminate/Pipeline/Pipeline.php(219): App\\Http\\Middleware\\HandleAppearance->handle()
#21 /home/houdaifayahia/www/Laravel-Vue-Inertia-general-purpose/vendor/laravel/framework/src/Illuminate/Routing/Middleware/SubstituteBindings.php(50): Illuminate\\Pipeline\\Pipeline->Illuminate\\Pipeline\\{closure}()
#22 /home/houdaifayahia/www/Laravel-Vue-Inertia-general-purpose/vendor/laravel/framework/src/Illuminate/Pipeline/Pipeline.php(219): Illuminate\\Routing\\Middleware\\SubstituteBindings->handle()
#23 /home/houdaifayahia/www/Laravel-Vue-Inertia-general-purpose/vendor/laravel/framework/src/Illuminate/Auth/Middleware/Authenticate.php(63): Illuminate\\Pipeline\\Pipeline->Illuminate\\Pipeline\\{closure}()
#24 /home/houdaifayahia/www/Laravel-Vue-Inertia-general-purpose/vendor/laravel/framework/src/Illuminate/Pipeline/Pipeline.php(219): Illuminate\\Auth\\Middleware\\Authenticate->handle()
#25 /home/houdaifayahia/www/Laravel-Vue-Inertia-general-purpose/vendor/laravel/framework/src/Illuminate/Foundation/Http/Middleware/VerifyCsrfToken.php(87): Illuminate\\Pipeline\\Pipeline->Illuminate\\Pipeline\\{closure}()
#26 /home/houdaifayahia/www/Laravel-Vue-Inertia-general-purpose/vendor/laravel/framework/src/Illuminate/Pipeline/Pipeline.php(219): Illuminate\\Foundation\\Http\\Middleware\\VerifyCsrfToken->handle()
#27 /home/houdaifayahia/www/Laravel-Vue-Inertia-general-purpose/vendor/laravel/framework/src/Illuminate/View/Middleware/ShareErrorsFromSession.php(48): Illuminate\\Pipeline\\Pipeline->Illuminate\\Pipeline\\{closure}()
#28 /home/houdaifayahia/www/Laravel-Vue-Inertia-general-purpose/vendor/laravel/framework/src/Illuminate/Pipeline/Pipeline.php(219): Illuminate\\View\\Middleware\\ShareErrorsFromSession->handle()
#29 /home/houdaifayahia/www/Laravel-Vue-Inertia-general-purpose/vendor/laravel/framework/src/Illuminate/Session/Middleware/StartSession.php(120): Illuminate\\Pipeline\\Pipeline->Illuminate\\Pipeline\\{closure}()
#30 /home/houdaifayahia/www/Laravel-Vue-Inertia-general-purpose/vendor/laravel/framework/src/Illuminate/Session/Middleware/StartSession.php(63): Illuminate\\Session\\Middleware\\StartSession->handleStatefulRequest()
#31 /home/houdaifayahia/www/Laravel-Vue-Inertia-general-purpose/vendor/laravel/framework/src/Illuminate/Pipeline/Pipeline.php(219): Illuminate\\Session\\Middleware\\StartSession->handle()
#32 /home/houdaifayahia/www/Laravel-Vue-Inertia-general-purpose/vendor/laravel/framework/src/Illuminate/Cookie/Middleware/AddQueuedCookiesToResponse.php(36): Illuminate\\Pipeline\\Pipeline->Illuminate\\Pipeline\\{closure}()
#33 /home/houdaifayahia/www/Laravel-Vue-Inertia-general-purpose/vendor/laravel/framework/src/Illuminate/Pipeline/Pipeline.php(219): Illuminate\\Cookie\\Middleware\\AddQueuedCookiesToResponse->handle()
#34 /home/houdaifayahia/www/Laravel-Vue-Inertia-general-purpose/vendor/laravel/framework/src/Illuminate/Cookie/Middleware/EncryptCookies.php(74): Illuminate\\Pipeline\\Pipeline->Illuminate\\Pipeline\\{closure}()
#35 /home/houdaifayahia/www/Laravel-Vue-Inertia-general-purpose/vendor/laravel/framework/src/Illuminate/Pipeline/Pipeline.php(219): Illuminate\\Cookie\\Middleware\\EncryptCookies->handle()
#36 /home/houdaifayahia/www/Laravel-Vue-Inertia-general-purpose/vendor/laravel/framework/src/Illuminate/Pipeline/Pipeline.php(137): Illuminate\\Pipeline\\Pipeline->Illuminate\\Pipeline\\{closure}()
#37 /home/houdaifayahia/www/Laravel-Vue-Inertia-general-purpose/vendor/laravel/framework/src/Illuminate/Routing/Router.php(821): Illuminate\\Pipeline\\Pipeline->then()
#38 /home/houdaifayahia/www/Laravel-Vue-Inertia-general-purpose/vendor/laravel/framework/src/Illuminate/Routing/Router.php(800): Illuminate\\Routing\\Router->runRouteWithinStack()
#39 /home/houdaifayahia/www/Laravel-Vue-Inertia-general-purpose/vendor/laravel/framework/src/Illuminate/Routing/Router.php(764): Illuminate\\Routing\\Router->runRoute()
#40 /home/houdaifayahia/www/Laravel-Vue-Inertia-general-purpose/vendor/laravel/framework/src/Illuminate/Routing/Router.php(753): Illuminate\\Routing\\Router->dispatchToRoute()
#41 /home/houdaifayahia/www/Laravel-Vue-Inertia-general-purpose/vendor/laravel/framework/src/Illuminate/Foundation/Http/Kernel.php(200): Illuminate\\Routing\\Router->dispatch()
#42 /home/houdaifayahia/www/Laravel-Vue-Inertia-general-purpose/vendor/laravel/framework/src/Illuminate/Pipeline/Pipeline.php(180): Illuminate\\Foundation\\Http\\Kernel->Illuminate\\Foundation\\Http\\{closure}()
#43 /home/houdaifayahia/www/Laravel-Vue-Inertia-general-purpose/vendor/laravel/framework/src/Illuminate/Foundation/Http/Middleware/TransformsRequest.php(21): Illuminate\\Pipeline\\Pipeline->Illuminate\\Pipeline\\{closure}()
#44 /home/houdaifayahia/www/Laravel-Vue-Inertia-general-purpose/vendor/laravel/framework/src/Illuminate/Foundation/Http/Middleware/ConvertEmptyStringsToNull.php(31): Illuminate\\Foundation\\Http\\Middleware\\TransformsRequest->handle()
#45 /home/houdaifayahia/www/Laravel-Vue-Inertia-general-purpose/vendor/laravel/framework/src/Illuminate/Pipeline/Pipeline.php(219): Illuminate\\Foundation\\Http\\Middleware\\ConvertEmptyStringsToNull->handle()
#46 /home/houdaifayahia/www/Laravel-Vue-Inertia-general-purpose/vendor/laravel/framework/src/Illuminate/Foundation/Http/Middleware/TransformsRequest.php(21): Illuminate\\Pipeline\\Pipeline->Illuminate\\Pipeline\\{closure}()
#47 /home/houdaifayahia/www/Laravel-Vue-Inertia-general-purpose/vendor/laravel/framework/src/Illuminate/Foundation/Http/Middleware/TrimStrings.php(51): Illuminate\\Foundation\\Http\\Middleware\\TransformsRequest->handle()
#48 /home/houdaifayahia/www/Laravel-Vue-Inertia-general-purpose/vendor/laravel/framework/src/Illuminate/Pipeline/Pipeline.php(219): Illuminate\\Foundation\\Http\\Middleware\\TrimStrings->handle()
#49 /home/houdaifayahia/www/Laravel-Vue-Inertia-general-purpose/vendor/laravel/framework/src/Illuminate/Http/Middleware/ValidatePostSize.php(27): Illuminate\\Pipeline\\Pipeline->Illuminate\\Pipeline\\{closure}()
#50 /home/houdaifayahia/www/Laravel-Vue-Inertia-general-purpose/vendor/laravel/framework/src/Illuminate/Pipeline/Pipeline.php(219): Illuminate\\Http\\Middleware\\ValidatePostSize->handle()
#51 /home/houdaifayahia/www/Laravel-Vue-Inertia-general-purpose/vendor/laravel/framework/src/Illuminate/Foundation/Http/Middleware/PreventRequestsDuringMaintenance.php(109): Illuminate\\Pipeline\\Pipeline->Illuminate\\Pipeline\\{closure}()
#52 /home/houdaifayahia/www/Laravel-Vue-Inertia-general-purpose/vendor/laravel/framework/src/Illuminate/Pipeline/Pipeline.php(219): Illuminate\\Foundation\\Http\\Middleware\\PreventRequestsDuringMaintenance->handle()
#53 /home/houdaifayahia/www/Laravel-Vue-Inertia-general-purpose/vendor/laravel/framework/src/Illuminate/Http/Middleware/HandleCors.php(48): Illuminate\\Pipeline\\Pipeline->Illuminate\\Pipeline\\{closure}()
#54 /home/houdaifayahia/www/Laravel-Vue-Inertia-general-purpose/vendor/laravel/framework/src/Illuminate/Pipeline/Pipeline.php(219): Illuminate\\Http\\Middleware\\HandleCors->handle()
#55 /home/houdaifayahia/www/Laravel-Vue-Inertia-general-purpose/vendor/laravel/framework/src/Illuminate/Http/Middleware/TrustProxies.php(58): Illuminate\\Pipeline\\Pipeline->Illuminate\\Pipeline\\{closure}()
#56 /home/houdaifayahia/www/Laravel-Vue-Inertia-general-purpose/vendor/laravel/framework/src/Illuminate/Pipeline/Pipeline.php(219): Illuminate\\Http\\Middleware\\TrustProxies->handle()
#57 /home/houdaifayahia/www/Laravel-Vue-Inertia-general-purpose/vendor/laravel/framework/src/Illuminate/Foundation/Http/Middleware/InvokeDeferredCallbacks.php(22): Illuminate\\Pipeline\\Pipeline->Illuminate\\Pipeline\\{closure}()
#58 /home/houdaifayahia/www/Laravel-Vue-Inertia-general-purpose/vendor/laravel/framework/src/Illuminate/Pipeline/Pipeline.php(219): Illuminate\\Foundation\\Http\\Middleware\\InvokeDeferredCallbacks->handle()
#59 /home/houdaifayahia/www/Laravel-Vue-Inertia-general-purpose/vendor/laravel/framework/src/Illuminate/Http/Middleware/ValidatePathEncoding.php(26): Illuminate\\Pipeline\\Pipeline->Illuminate\\Pipeline\\{closure}()
#60 /home/houdaifayahia/www/Laravel-Vue-Inertia-general-purpose/vendor/laravel/framework/src/Illuminate/Pipeline/Pipeline.php(219): Illuminate\\Http\\Middleware\\ValidatePathEncoding->handle()
#61 /home/houdaifayahia/www/Laravel-Vue-Inertia-general-purpose/vendor/laravel/framework/src/Illuminate/Pipeline/Pipeline.php(137): Illuminate\\Pipeline\\Pipeline->Illuminate\\Pipeline\\{closure}()
#62 /home/houdaifayahia/www/Laravel-Vue-Inertia-general-purpose/vendor/laravel/framework/src/Illuminate/Foundation/Http/Kernel.php(175): Illuminate\\Pipeline\\Pipeline->then()
#63 /home/houdaifayahia/www/Laravel-Vue-Inertia-general-purpose/vendor/laravel/framework/src/Illuminate/Foundation/Http/Kernel.php(144): Illuminate\\Foundation\\Http\\Kernel->sendRequestThroughRouter()
#64 /home/houdaifayahia/www/Laravel-Vue-Inertia-general-purpose/vendor/laravel/framework/src/Illuminate/Foundation/Application.php(1220): Illuminate\\Foundation\\Http\\Kernel->handle()
#65 /home/houdaifayahia/www/Laravel-Vue-Inertia-general-purpose/public/index.php(20): Illuminate\\Foundation\\Application->handleRequest()
#66 /home/houdaifayahia/www/Laravel-Vue-Inertia-general-purpose/vendor/laravel/framework/src/Illuminate/Foundation/resources/server.php(23): require_once('...')
#67 {main}
"} 
[2025-11-05 12:07:09] local.ERROR: View [app] not found. {"userId":1,"exception":"[object] (InvalidArgumentException(code: 0): View [app] not found. at /home/houdaifayahia/www/Laravel-Vue-Inertia-general-purpose/vendor/laravel/framework/src/Illuminate/View/FileViewFinder.php:138)
[stacktrace]
#0 /home/houdaifayahia/www/Laravel-Vue-Inertia-general-purpose/vendor/laravel/framework/src/Illuminate/View/FileViewFinder.php(78): Illuminate\\View\\FileViewFinder->findInPaths()
#1 /home/houdaifayahia/www/Laravel-Vue-Inertia-general-purpose/vendor/laravel/framework/src/Illuminate/View/Factory.php(150): Illuminate\\View\\FileViewFinder->find()
#2 /home/houdaifayahia/www/Laravel-Vue-Inertia-general-purpose/vendor/laravel/framework/src/Illuminate/Routing/ResponseFactory.php(91): Illuminate\\View\\Factory->make()
#3 /home/houdaifayahia/www/Laravel-Vue-Inertia-general-purpose/vendor/laravel/framework/src/Illuminate/Support/Facades/Facade.php(363): Illuminate\\Routing\\ResponseFactory->view()
#4 /home/houdaifayahia/www/Laravel-Vue-Inertia-general-purpose/vendor/inertiajs/inertia-laravel/src/Response.php(199): Illuminate\\Support\\Facades\\Facade::__callStatic()
#5 /home/houdaifayahia/www/Laravel-Vue-Inertia-general-purpose/vendor/laravel/framework/src/Illuminate/Routing/Router.php(921): Inertia\\Response->toResponse()
#6 /home/houdaifayahia/www/Laravel-Vue-Inertia-general-purpose/vendor/laravel/framework/src/Illuminate/Routing/Router.php(906): Illuminate\\Routing\\Router::toResponse()
#7 /home/houdaifayahia/www/Laravel-Vue-Inertia-general-purpose/vendor/laravel/framework/src/Illuminate/Routing/Router.php(821): Illuminate\\Routing\\Router->prepareResponse()
#8 /home/houdaifayahia/www/Laravel-Vue-Inertia-general-purpose/vendor/laravel/framework/src/Illuminate/Pipeline/Pipeline.php(180): Illuminate\\Routing\\Router->Illuminate\\Routing\\{closure}()
#9 /home/houdaifayahia/www/Laravel-Vue-Inertia-general-purpose/vendor/spatie/laravel-permission/src/Middleware/PermissionMiddleware.php(37): Illuminate\\Pipeline\\Pipeline->Illuminate\\Pipeline\\{closure}()
#10 /home/houdaifayahia/www/Laravel-Vue-Inertia-general-purpose/vendor/laravel/framework/src/Illuminate/Pipeline/Pipeline.php(219): Spatie\\Permission\\Middleware\\PermissionMiddleware->handle()
#11 /home/houdaifayahia/www/Laravel-Vue-Inertia-general-purpose/vendor/laravel/framework/src/Illuminate/Auth/Middleware/EnsureEmailIsVerified.php(41): Illuminate\\Pipeline\\Pipeline->Illuminate\\Pipeline\\{closure}()
#12 /home/houdaifayahia/www/Laravel-Vue-Inertia-general-purpose/vendor/laravel/framework/src/Illuminate/Pipeline/Pipeline.php(219): Illuminate\\Auth\\Middleware\\EnsureEmailIsVerified->handle()
#13 /home/houdaifayahia/www/Laravel-Vue-Inertia-general-purpose/app/Http/Middleware/SetLocaleMiddleware.php(32): Illuminate\\Pipeline\\Pipeline->Illuminate\\Pipeline\\{closure}()
#14 /home/houdaifayahia/www/Laravel-Vue-Inertia-general-purpose/vendor/laravel/framework/src/Illuminate/Pipeline/Pipeline.php(219): App\\Http\\Middleware\\SetLocaleMiddleware->handle()
#15 /home/houdaifayahia/www/Laravel-Vue-Inertia-general-purpose/vendor/laravel/framework/src/Illuminate/Http/Middleware/AddLinkHeadersForPreloadedAssets.php(32): Illuminate\\Pipeline\\Pipeline->Illuminate\\Pipeline\\{closure}()
#16 /home/houdaifayahia/www/Laravel-Vue-Inertia-general-purpose/vendor/laravel/framework/src/Illuminate/Pipeline/Pipeline.php(219): Illuminate\\Http\\Middleware\\AddLinkHeadersForPreloadedAssets->handle()
#17 /home/houdaifayahia/www/Laravel-Vue-Inertia-general-purpose/vendor/inertiajs/inertia-laravel/src/Middleware.php(96): Illuminate\\Pipeline\\Pipeline->Illuminate\\Pipeline\\{closure}()
#18 /home/houdaifayahia/www/Laravel-Vue-Inertia-general-purpose/vendor/laravel/framework/src/Illuminate/Pipeline/Pipeline.php(219): Inertia\\Middleware->handle()
#19 /home/houdaifayahia/www/Laravel-Vue-Inertia-general-purpose/app/Http/Middleware/HandleAppearance.php(21): Illuminate\\Pipeline\\Pipeline->Illuminate\\Pipeline\\{closure}()
#20 /home/houdaifayahia/www/Laravel-Vue-Inertia-general-purpose/vendor/laravel/framework/src/Illuminate/Pipeline/Pipeline.php(219): App\\Http\\Middleware\\HandleAppearance->handle()
#21 /home/houdaifayahia/www/Laravel-Vue-Inertia-general-purpose/vendor/laravel/framework/src/Illuminate/Routing/Middleware/SubstituteBindings.php(50): Illuminate\\Pipeline\\Pipeline->Illuminate\\Pipeline\\{closure}()
#22 /home/houdaifayahia/www/Laravel-Vue-Inertia-general-purpose/vendor/laravel/framework/src/Illuminate/Pipeline/Pipeline.php(219): Illuminate\\Routing\\Middleware\\SubstituteBindings->handle()
#23 /home/houdaifayahia/www/Laravel-Vue-Inertia-general-purpose/vendor/laravel/framework/src/Illuminate/Auth/Middleware/Authenticate.php(63): Illuminate\\Pipeline\\Pipeline->Illuminate\\Pipeline\\{closure}()
#24 /home/houdaifayahia/www/Laravel-Vue-Inertia-general-purpose/vendor/laravel/framework/src/Illuminate/Pipeline/Pipeline.php(219): Illuminate\\Auth\\Middleware\\Authenticate->handle()
#25 /home/houdaifayahia/www/Laravel-Vue-Inertia-general-purpose/vendor/laravel/framework/src/Illuminate/Foundation/Http/Middleware/VerifyCsrfToken.php(87): Illuminate\\Pipeline\\Pipeline->Illuminate\\Pipeline\\{closure}()
#26 /home/houdaifayahia/www/Laravel-Vue-Inertia-general-purpose/vendor/laravel/framework/src/Illuminate/Pipeline/Pipeline.php(219): Illuminate\\Foundation\\Http\\Middleware\\VerifyCsrfToken->handle()
#27 /home/houdaifayahia/www/Laravel-Vue-Inertia-general-purpose/vendor/laravel/framework/src/Illuminate/View/Middleware/ShareErrorsFromSession.php(48): Illuminate\\Pipeline\\Pipeline->Illuminate\\Pipeline\\{closure}()
#28 /home/houdaifayahia/www/Laravel-Vue-Inertia-general-purpose/vendor/laravel/framework/src/Illuminate/Pipeline/Pipeline.php(219): Illuminate\\View\\Middleware\\ShareErrorsFromSession->handle()
#29 /home/houdaifayahia/www/Laravel-Vue-Inertia-general-purpose/vendor/laravel/framework/src/Illuminate/Session/Middleware/StartSession.php(120): Illuminate\\Pipeline\\Pipeline->Illuminate\\Pipeline\\{closure}()
#30 /home/houdaifayahia/www/Laravel-Vue-Inertia-general-purpose/vendor/laravel/framework/src/Illuminate/Session/Middleware/StartSession.php(63): Illuminate\\Session\\Middleware\\StartSession->handleStatefulRequest()
#31 /home/houdaifayahia/www/Laravel-Vue-Inertia-general-purpose/vendor/laravel/framework/src/Illuminate/Pipeline/Pipeline.php(219): Illuminate\\Session\\Middleware\\StartSession->handle()
#32 /home/houdaifayahia/www/Laravel-Vue-Inertia-general-purpose/vendor/laravel/framework/src/Illuminate/Cookie/Middleware/AddQueuedCookiesToResponse.php(36): Illuminate\\Pipeline\\Pipeline->Illuminate\\Pipeline\\{closure}()
#33 /home/houdaifayahia/www/Laravel-Vue-Inertia-general-purpose/vendor/laravel/framework/src/Illuminate/Pipeline/Pipeline.php(219): Illuminate\\Cookie\\Middleware\\AddQueuedCookiesToResponse->handle()
#34 /home/houdaifayahia/www/Laravel-Vue-Inertia-general-purpose/vendor/laravel/framework/src/Illuminate/Cookie/Middleware/EncryptCookies.php(74): Illuminate\\Pipeline\\Pipeline->Illuminate\\Pipeline\\{closure}()
#35 /home/houdaifayahia/www/Laravel-Vue-Inertia-general-purpose/vendor/laravel/framework/src/Illuminate/Pipeline/Pipeline.php(219): Illuminate\\Cookie\\Middleware\\EncryptCookies->handle()
#36 /home/houdaifayahia/www/Laravel-Vue-Inertia-general-purpose/vendor/laravel/framework/src/Illuminate/Pipeline/Pipeline.php(137): Illuminate\\Pipeline\\Pipeline->Illuminate\\Pipeline\\{closure}()
#37 /home/houdaifayahia/www/Laravel-Vue-Inertia-general-purpose/vendor/laravel/framework/src/Illuminate/Routing/Router.php(821): Illuminate\\Pipeline\\Pipeline->then()
#38 /home/houdaifayahia/www/Laravel-Vue-Inertia-general-purpose/vendor/laravel/framework/src/Illuminate/Routing/Router.php(800): Illuminate\\Routing\\Router->runRouteWithinStack()
#39 /home/houdaifayahia/www/Laravel-Vue-Inertia-general-purpose/vendor/laravel/framework/src/Illuminate/Routing/Router.php(764): Illuminate\\Routing\\Router->runRoute()
#40 /home/houdaifayahia/www/Laravel-Vue-Inertia-general-purpose/vendor/laravel/framework/src/Illuminate/Routing/Router.php(753): Illuminate\\Routing\\Router->dispatchToRoute()
#41 /home/houdaifayahia/www/Laravel-Vue-Inertia-general-purpose/vendor/laravel/framework/src/Illuminate/Foundation/Http/Kernel.php(200): Illuminate\\Routing\\Router->dispatch()
#42 /home/houdaifayahia/www/Laravel-Vue-Inertia-general-purpose/vendor/laravel/framework/src/Illuminate/Pipeline/Pipeline.php(180): Illuminate\\Foundation\\Http\\Kernel->Illuminate\\Foundation\\Http\\{closure}()
#43 /home/houdaifayahia/www/Laravel-Vue-Inertia-general-purpose/vendor/laravel/framework/src/Illuminate/Foundation/Http/Middleware/TransformsRequest.php(21): Illuminate\\Pipeline\\Pipeline->Illuminate\\Pipeline\\{closure}()
#44 /home/houdaifayahia/www/Laravel-Vue-Inertia-general-purpose/vendor/laravel/framework/src/Illuminate/Foundation/Http/Middleware/ConvertEmptyStringsToNull.php(31): Illuminate\\Foundation\\Http\\Middleware\\TransformsRequest->handle()
#45 /home/houdaifayahia/www/Laravel-Vue-Inertia-general-purpose/vendor/laravel/framework/src/Illuminate/Pipeline/Pipeline.php(219): Illuminate\\Foundation\\Http\\Middleware\\ConvertEmptyStringsToNull->handle()
#46 /home/houdaifayahia/www/Laravel-Vue-Inertia-general-purpose/vendor/laravel/framework/src/Illuminate/Foundation/Http/Middleware/TransformsRequest.php(21): Illuminate\\Pipeline\\Pipeline->Illuminate\\Pipeline\\{closure}()
#47 /home/houdaifayahia/www/Laravel-Vue-Inertia-general-purpose/vendor/laravel/framework/src/Illuminate/Foundation/Http/Middleware/TrimStrings.php(51): Illuminate\\Foundation\\Http\\Middleware\\TransformsRequest->handle()
#48 /home/houdaifayahia/www/Laravel-Vue-Inertia-general-purpose/vendor/laravel/framework/src/Illuminate/Pipeline/Pipeline.php(219): Illuminate\\Foundation\\Http\\Middleware\\TrimStrings->handle()
#49 /home/houdaifayahia/www/Laravel-Vue-Inertia-general-purpose/vendor/laravel/framework/src/Illuminate/Http/Middleware/ValidatePostSize.php(27): Illuminate\\Pipeline\\Pipeline->Illuminate\\Pipeline\\{closure}()
#50 /home/houdaifayahia/www/Laravel-Vue-Inertia-general-purpose/vendor/laravel/framework/src/Illuminate/Pipeline/Pipeline.php(219): Illuminate\\Http\\Middleware\\ValidatePostSize->handle()
#51 /home/houdaifayahia/www/Laravel-Vue-Inertia-general-purpose/vendor/laravel/framework/src/Illuminate/Foundation/Http/Middleware/PreventRequestsDuringMaintenance.php(109): Illuminate\\Pipeline\\Pipeline->Illuminate\\Pipeline\\{closure}()
#52 /home/houdaifayahia/www/Laravel-Vue-Inertia-general-purpose/vendor/laravel/framework/src/Illuminate/Pipeline/Pipeline.php(219): Illuminate\\Foundation\\Http\\Middleware\\PreventRequestsDuringMaintenance->handle()
#53 /home/houdaifayahia/www/Laravel-Vue-Inertia-general-purpose/vendor/laravel/framework/src/Illuminate/Http/Middleware/HandleCors.php(48): Illuminate\\Pipeline\\Pipeline->Illuminate\\Pipeline\\{closure}()
#54 /home/houdaifayahia/www/Laravel-Vue-Inertia-general-purpose/vendor/laravel/framework/src/Illuminate/Pipeline/Pipeline.php(219): Illuminate\\Http\\Middleware\\HandleCors->handle()
#55 /home/houdaifayahia/www/Laravel-Vue-Inertia-general-purpose/vendor/laravel/framework/src/Illuminate/Http/Middleware/TrustProxies.php(58): Illuminate\\Pipeline\\Pipeline->Illuminate\\Pipeline\\{closure}()
#56 /home/houdaifayahia/www/Laravel-Vue-Inertia-general-purpose/vendor/laravel/framework/src/Illuminate/Pipeline/Pipeline.php(219): Illuminate\\Http\\Middleware\\TrustProxies->handle()
#57 /home/houdaifayahia/www/Laravel-Vue-Inertia-general-purpose/vendor/laravel/framework/src/Illuminate/Foundation/Http/Middleware/InvokeDeferredCallbacks.php(22): Illuminate\\Pipeline\\Pipeline->Illuminate\\Pipeline\\{closure}()
#58 /home/houdaifayahia/www/Laravel-Vue-Inertia-general-purpose/vendor/laravel/framework/src/Illuminate/Pipeline/Pipeline.php(219): Illuminate\\Foundation\\Http\\Middleware\\InvokeDeferredCallbacks->handle()
#59 /home/houdaifayahia/www/Laravel-Vue-Inertia-general-purpose/vendor/laravel/framework/src/Illuminate/Http/Middleware/ValidatePathEncoding.php(26): Illuminate\\Pipeline\\Pipeline->Illuminate\\Pipeline\\{closure}()
#60 /home/houdaifayahia/www/Laravel-Vue-Inertia-general-purpose/vendor/laravel/framework/src/Illuminate/Pipeline/Pipeline.php(219): Illuminate\\Http\\Middleware\\ValidatePathEncoding->handle()
#61 /home/houdaifayahia/www/Laravel-Vue-Inertia-general-purpose/vendor/laravel/framework/src/Illuminate/Pipeline/Pipeline.php(137): Illuminate\\Pipeline\\Pipeline->Illuminate\\Pipeline\\{closure}()
#62 /home/houdaifayahia/www/Laravel-Vue-Inertia-general-purpose/vendor/laravel/framework/src/Illuminate/Foundation/Http/Kernel.php(175): Illuminate\\Pipeline\\Pipeline->then()
#63 /home/houdaifayahia/www/Laravel-Vue-Inertia-general-purpose/vendor/laravel/framework/src/Illuminate/Foundation/Http/Kernel.php(144): Illuminate\\Foundation\\Http\\Kernel->sendRequestThroughRouter()
#64 /home/houdaifayahia/www/Laravel-Vue-Inertia-general-purpose/vendor/laravel/framework/src/Illuminate/Foundation/Application.php(1220): Illuminate\\Foundation\\Http\\Kernel->handle()
#65 /home/houdaifayahia/www/Laravel-Vue-Inertia-general-purpose/public/index.php(20): Illuminate\\Foundation\\Application->handleRequest()
#66 /home/houdaifayahia/www/Laravel-Vue-Inertia-general-purpose/vendor/laravel/framework/src/Illuminate/Foundation/resources/server.php(23): require_once('...')
#67 {main}
"} 
[2025-11-05 12:07:10] local.ERROR: View [app] not found. {"userId":1,"exception":"[object] (InvalidArgumentException(code: 0): View [app] not found. at /home/houdaifayahia/www/Laravel-Vue-Inertia-general-purpose/vendor/laravel/framework/src/Illuminate/View/FileViewFinder.php:138)
[stacktrace]
#0 /home/houdaifayahia/www/Laravel-Vue-Inertia-general-purpose/vendor/laravel/framework/src/Illuminate/View/FileViewFinder.php(78): Illuminate\\View\\FileViewFinder->findInPaths()
#1 /home/houdaifayahia/www/Laravel-Vue-Inertia-general-purpose/vendor/laravel/framework/src/Illuminate/View/Factory.php(150): Illuminate\\View\\FileViewFinder->find()
#2 /home/houdaifayahia/www/Laravel-Vue-Inertia-general-purpose/vendor/laravel/framework/src/Illuminate/Routing/ResponseFactory.php(91): Illuminate\\View\\Factory->make()
#3 /home/houdaifayahia/www/Laravel-Vue-Inertia-general-purpose/vendor/laravel/framework/src/Illuminate/Support/Facades/Facade.php(363): Illuminate\\Routing\\ResponseFactory->view()
#4 /home/houdaifayahia/www/Laravel-Vue-Inertia-general-purpose/vendor/inertiajs/inertia-laravel/src/Response.php(199): Illuminate\\Support\\Facades\\Facade::__callStatic()
#5 /home/houdaifayahia/www/Laravel-Vue-Inertia-general-purpose/vendor/laravel/framework/src/Illuminate/Routing/Router.php(921): Inertia\\Response->toResponse()
#6 /home/houdaifayahia/www/Laravel-Vue-Inertia-general-purpose/vendor/laravel/framework/src/Illuminate/Routing/Router.php(906): Illuminate\\Routing\\Router::toResponse()
#7 /home/houdaifayahia/www/Laravel-Vue-Inertia-general-purpose/vendor/laravel/framework/src/Illuminate/Routing/Router.php(821): Illuminate\\Routing\\Router->prepareResponse()
#8 /home/houdaifayahia/www/Laravel-Vue-Inertia-general-purpose/vendor/laravel/framework/src/Illuminate/Pipeline/Pipeline.php(180): Illuminate\\Routing\\Router->Illuminate\\Routing\\{closure}()
#9 /home/houdaifayahia/www/Laravel-Vue-Inertia-general-purpose/vendor/spatie/laravel-permission/src/Middleware/PermissionMiddleware.php(37): Illuminate\\Pipeline\\Pipeline->Illuminate\\Pipeline\\{closure}()
#10 /home/houdaifayahia/www/Laravel-Vue-Inertia-general-purpose/vendor/laravel/framework/src/Illuminate/Pipeline/Pipeline.php(219): Spatie\\Permission\\Middleware\\PermissionMiddleware->handle()
#11 /home/houdaifayahia/www/Laravel-Vue-Inertia-general-purpose/vendor/laravel/framework/src/Illuminate/Auth/Middleware/EnsureEmailIsVerified.php(41): Illuminate\\Pipeline\\Pipeline->Illuminate\\Pipeline\\{closure}()
#12 /home/houdaifayahia/www/Laravel-Vue-Inertia-general-purpose/vendor/laravel/framework/src/Illuminate/Pipeline/Pipeline.php(219): Illuminate\\Auth\\Middleware\\EnsureEmailIsVerified->handle()
#13 /home/houdaifayahia/www/Laravel-Vue-Inertia-general-purpose/app/Http/Middleware/SetLocaleMiddleware.php(32): Illuminate\\Pipeline\\Pipeline->Illuminate\\Pipeline\\{closure}()
#14 /home/houdaifayahia/www/Laravel-Vue-Inertia-general-purpose/vendor/laravel/framework/src/Illuminate/Pipeline/Pipeline.php(219): App\\Http\\Middleware\\SetLocaleMiddleware->handle()
#15 /home/houdaifayahia/www/Laravel-Vue-Inertia-general-purpose/vendor/laravel/framework/src/Illuminate/Http/Middleware/AddLinkHeadersForPreloadedAssets.php(32): Illuminate\\Pipeline\\Pipeline->Illuminate\\Pipeline\\{closure}()
#16 /home/houdaifayahia/www/Laravel-Vue-Inertia-general-purpose/vendor/laravel/framework/src/Illuminate/Pipeline/Pipeline.php(219): Illuminate\\Http\\Middleware\\AddLinkHeadersForPreloadedAssets->handle()
#17 /home/houdaifayahia/www/Laravel-Vue-Inertia-general-purpose/vendor/inertiajs/inertia-laravel/src/Middleware.php(96): Illuminate\\Pipeline\\Pipeline->Illuminate\\Pipeline\\{closure}()
#18 /home/houdaifayahia/www/Laravel-Vue-Inertia-general-purpose/vendor/laravel/framework/src/Illuminate/Pipeline/Pipeline.php(219): Inertia\\Middleware->handle()
#19 /home/houdaifayahia/www/Laravel-Vue-Inertia-general-purpose/app/Http/Middleware/HandleAppearance.php(21): Illuminate\\Pipeline\\Pipeline->Illuminate\\Pipeline\\{closure}()
#20 /home/houdaifayahia/www/Laravel-Vue-Inertia-general-purpose/vendor/laravel/framework/src/Illuminate/Pipeline/Pipeline.php(219): App\\Http\\Middleware\\HandleAppearance->handle()
#21 /home/houdaifayahia/www/Laravel-Vue-Inertia-general-purpose/vendor/laravel/framework/src/Illuminate/Routing/Middleware/SubstituteBindings.php(50): Illuminate\\Pipeline\\Pipeline->Illuminate\\Pipeline\\{closure}()
#22 /home/houdaifayahia/www/Laravel-Vue-Inertia-general-purpose/vendor/laravel/framework/src/Illuminate/Pipeline/Pipeline.php(219): Illuminate\\Routing\\Middleware\\SubstituteBindings->handle()
#23 /home/houdaifayahia/www/Laravel-Vue-Inertia-general-purpose/vendor/laravel/framework/src/Illuminate/Auth/Middleware/Authenticate.php(63): Illuminate\\Pipeline\\Pipeline->Illuminate\\Pipeline\\{closure}()
#24 /home/houdaifayahia/www/Laravel-Vue-Inertia-general-purpose/vendor/laravel/framework/src/Illuminate/Pipeline/Pipeline.php(219): Illuminate\\Auth\\Middleware\\Authenticate->handle()
#25 /home/houdaifayahia/www/Laravel-Vue-Inertia-general-purpose/vendor/laravel/framework/src/Illuminate/Foundation/Http/Middleware/VerifyCsrfToken.php(87): Illuminate\\Pipeline\\Pipeline->Illuminate\\Pipeline\\{closure}()
#26 /home/houdaifayahia/www/Laravel-Vue-Inertia-general-purpose/vendor/laravel/framework/src/Illuminate/Pipeline/Pipeline.php(219): Illuminate\\Foundation\\Http\\Middleware\\VerifyCsrfToken->handle()
#27 /home/houdaifayahia/www/Laravel-Vue-Inertia-general-purpose/vendor/laravel/framework/src/Illuminate/View/Middleware/ShareErrorsFromSession.php(48): Illuminate\\Pipeline\\Pipeline->Illuminate\\Pipeline\\{closure}()
#28 /home/houdaifayahia/www/Laravel-Vue-Inertia-general-purpose/vendor/laravel/framework/src/Illuminate/Pipeline/Pipeline.php(219): Illuminate\\View\\Middleware\\ShareErrorsFromSession->handle()
#29 /home/houdaifayahia/www/Laravel-Vue-Inertia-general-purpose/vendor/laravel/framework/src/Illuminate/Session/Middleware/StartSession.php(120): Illuminate\\Pipeline\\Pipeline->Illuminate\\Pipeline\\{closure}()
#30 /home/houdaifayahia/www/Laravel-Vue-Inertia-general-purpose/vendor/laravel/framework/src/Illuminate/Session/Middleware/StartSession.php(63): Illuminate\\Session\\Middleware\\StartSession->handleStatefulRequest()
#31 /home/houdaifayahia/www/Laravel-Vue-Inertia-general-purpose/vendor/laravel/framework/src/Illuminate/Pipeline/Pipeline.php(219): Illuminate\\Session\\Middleware\\StartSession->handle()
#32 /home/houdaifayahia/www/Laravel-Vue-Inertia-general-purpose/vendor/laravel/framework/src/Illuminate/Cookie/Middleware/AddQueuedCookiesToResponse.php(36): Illuminate\\Pipeline\\Pipeline->Illuminate\\Pipeline\\{closure}()
#33 /home/houdaifayahia/www/Laravel-Vue-Inertia-general-purpose/vendor/laravel/framework/src/Illuminate/Pipeline/Pipeline.php(219): Illuminate\\Cookie\\Middleware\\AddQueuedCookiesToResponse->handle()
#34 /home/houdaifayahia/www/Laravel-Vue-Inertia-general-purpose/vendor/laravel/framework/src/Illuminate/Cookie/Middleware/EncryptCookies.php(74): Illuminate\\Pipeline\\Pipeline->Illuminate\\Pipeline\\{closure}()
#35 /home/houdaifayahia/www/Laravel-Vue-Inertia-general-purpose/vendor/laravel/framework/src/Illuminate/Pipeline/Pipeline.php(219): Illuminate\\Cookie\\Middleware\\EncryptCookies->handle()
#36 /home/houdaifayahia/www/Laravel-Vue-Inertia-general-purpose/vendor/laravel/framework/src/Illuminate/Pipeline/Pipeline.php(137): Illuminate\\Pipeline\\Pipeline->Illuminate\\Pipeline\\{closure}()
#37 /home/houdaifayahia/www/Laravel-Vue-Inertia-general-purpose/vendor/laravel/framework/src/Illuminate/Routing/Router.php(821): Illuminate\\Pipeline\\Pipeline->then()
#38 /home/houdaifayahia/www/Laravel-Vue-Inertia-general-purpose/vendor/laravel/framework/src/Illuminate/Routing/Router.php(800): Illuminate\\Routing\\Router->runRouteWithinStack()
#39 /home/houdaifayahia/www/Laravel-Vue-Inertia-general-purpose/vendor/laravel/framework/src/Illuminate/Routing/Router.php(764): Illuminate\\Routing\\Router->runRoute()
#40 /home/houdaifayahia/www/Laravel-Vue-Inertia-general-purpose/vendor/laravel/framework/src/Illuminate/Routing/Router.php(753): Illuminate\\Routing\\Router->dispatchToRoute()
#41 /home/houdaifayahia/www/Laravel-Vue-Inertia-general-purpose/vendor/laravel/framework/src/Illuminate/Foundation/Http/Kernel.php(200): Illuminate\\Routing\\Router->dispatch()
#42 /home/houdaifayahia/www/Laravel-Vue-Inertia-general-purpose/vendor/laravel/framework/src/Illuminate/Pipeline/Pipeline.php(180): Illuminate\\Foundation\\Http\\Kernel->Illuminate\\Foundation\\Http\\{closure}()
#43 /home/houdaifayahia/www/Laravel-Vue-Inertia-general-purpose/vendor/laravel/framework/src/Illuminate/Foundation/Http/Middleware/TransformsRequest.php(21): Illuminate\\Pipeline\\Pipeline->Illuminate\\Pipeline\\{closure}()
#44 /home/houdaifayahia/www/Laravel-Vue-Inertia-general-purpose/vendor/laravel/framework/src/Illuminate/Foundation/Http/Middleware/ConvertEmptyStringsToNull.php(31): Illuminate\\Foundation\\Http\\Middleware\\TransformsRequest->handle()
#45 /home/houdaifayahia/www/Laravel-Vue-Inertia-general-purpose/vendor/laravel/framework/src/Illuminate/Pipeline/Pipeline.php(219): Illuminate\\Foundation\\Http\\Middleware\\ConvertEmptyStringsToNull->handle()
#46 /home/houdaifayahia/www/Laravel-Vue-Inertia-general-purpose/vendor/laravel/framework/src/Illuminate/Foundation/Http/Middleware/TransformsRequest.php(21): Illuminate\\Pipeline\\Pipeline->Illuminate\\Pipeline\\{closure}()
#47 /home/houdaifayahia/www/Laravel-Vue-Inertia-general-purpose/vendor/laravel/framework/src/Illuminate/Foundation/Http/Middleware/TrimStrings.php(51): Illuminate\\Foundation\\Http\\Middleware\\TransformsRequest->handle()
#48 /home/houdaifayahia/www/Laravel-Vue-Inertia-general-purpose/vendor/laravel/framework/src/Illuminate/Pipeline/Pipeline.php(219): Illuminate\\Foundation\\Http\\Middleware\\TrimStrings->handle()
#49 /home/houdaifayahia/www/Laravel-Vue-Inertia-general-purpose/vendor/laravel/framework/src/Illuminate/Http/Middleware/ValidatePostSize.php(27): Illuminate\\Pipeline\\Pipeline->Illuminate\\Pipeline\\{closure}()
#50 /home/houdaifayahia/www/Laravel-Vue-Inertia-general-purpose/vendor/laravel/framework/src/Illuminate/Pipeline/Pipeline.php(219): Illuminate\\Http\\Middleware\\ValidatePostSize->handle()
#51 /home/houdaifayahia/www/Laravel-Vue-Inertia-general-purpose/vendor/laravel/framework/src/Illuminate/Foundation/Http/Middleware/PreventRequestsDuringMaintenance.php(109): Illuminate\\Pipeline\\Pipeline->Illuminate\\Pipeline\\{closure}()
#52 /home/houdaifayahia/www/Laravel-Vue-Inertia-general-purpose/vendor/laravel/framework/src/Illuminate/Pipeline/Pipeline.php(219): Illuminate\\Foundation\\Http\\Middleware\\PreventRequestsDuringMaintenance->handle()
#53 /home/houdaifayahia/www/Laravel-Vue-Inertia-general-purpose/vendor/laravel/framework/src/Illuminate/Http/Middleware/HandleCors.php(48): Illuminate\\Pipeline\\Pipeline->Illuminate\\Pipeline\\{closure}()
#54 /home/houdaifayahia/www/Laravel-Vue-Inertia-general-purpose/vendor/laravel/framework/src/Illuminate/Pipeline/Pipeline.php(219): Illuminate\\Http\\Middleware\\HandleCors->handle()
#55 /home/houdaifayahia/www/Laravel-Vue-Inertia-general-purpose/vendor/laravel/framework/src/Illuminate/Http/Middleware/TrustProxies.php(58): Illuminate\\Pipeline\\Pipeline->Illuminate\\Pipeline\\{closure}()
#56 /home/houdaifayahia/www/Laravel-Vue-Inertia-general-purpose/vendor/laravel/framework/src/Illuminate/Pipeline/Pipeline.php(219): Illuminate\\Http\\Middleware\\TrustProxies->handle()
#57 /home/houdaifayahia/www/Laravel-Vue-Inertia-general-purpose/vendor/laravel/framework/src/Illuminate/Foundation/Http/Middleware/InvokeDeferredCallbacks.php(22): Illuminate\\Pipeline\\Pipeline->Illuminate\\Pipeline\\{closure}()
#58 /home/houdaifayahia/www/Laravel-Vue-Inertia-general-purpose/vendor/laravel/framework/src/Illuminate/Pipeline/Pipeline.php(219): Illuminate\\Foundation\\Http\\Middleware\\InvokeDeferredCallbacks->handle()
#59 /home/houdaifayahia/www/Laravel-Vue-Inertia-general-purpose/vendor/laravel/framework/src/Illuminate/Http/Middleware/ValidatePathEncoding.php(26): Illuminate\\Pipeline\\Pipeline->Illuminate\\Pipeline\\{closure}()
#60 /home/houdaifayahia/www/Laravel-Vue-Inertia-general-purpose/vendor/laravel/framework/src/Illuminate/Pipeline/Pipeline.php(219): Illuminate\\Http\\Middleware\\ValidatePathEncoding->handle()
#61 /home/houdaifayahia/www/Laravel-Vue-Inertia-general-purpose/vendor/laravel/framework/src/Illuminate/Pipeline/Pipeline.php(137): Illuminate\\Pipeline\\Pipeline->Illuminate\\Pipeline\\{closure}()
#62 /home/houdaifayahia/www/Laravel-Vue-Inertia-general-purpose/vendor/laravel/framework/src/Illuminate/Foundation/Http/Kernel.php(175): Illuminate\\Pipeline\\Pipeline->then()
#63 /home/houdaifayahia/www/Laravel-Vue-Inertia-general-purpose/vendor/laravel/framework/src/Illuminate/Foundation/Http/Kernel.php(144): Illuminate\\Foundation\\Http\\Kernel->sendRequestThroughRouter()
#64 /home/houdaifayahia/www/Laravel-Vue-Inertia-general-purpose/vendor/laravel/framework/src/Illuminate/Foundation/Application.php(1220): Illuminate\\Foundation\\Http\\Kernel->handle()
#65 /home/houdaifayahia/www/Laravel-Vue-Inertia-general-purpose/public/index.php(20): Illuminate\\Foundation\\Application->handleRequest()
#66 /home/houdaifayahia/www/Laravel-Vue-Inertia-general-purpose/vendor/laravel/framework/src/Illuminate/Foundation/resources/server.php(23): require_once('...')
#67 {main}
"} 
[2025-11-05 12:07:12] local.ERROR: View [app] not found. {"userId":1,"exception":"[object] (InvalidArgumentException(code: 0): View [app] not found. at /home/houdaifayahia/www/Laravel-Vue-Inertia-general-purpose/vendor/laravel/framework/src/Illuminate/View/FileViewFinder.php:138)
[stacktrace]
#0 /home/houdaifayahia/www/Laravel-Vue-Inertia-general-purpose/vendor/laravel/framework/src/Illuminate/View/FileViewFinder.php(78): Illuminate\\View\\FileViewFinder->findInPaths()
#1 /home/houdaifayahia/www/Laravel-Vue-Inertia-general-purpose/vendor/laravel/framework/src/Illuminate/View/Factory.php(150): Illuminate\\View\\FileViewFinder->find()
#2 /home/houdaifayahia/www/Laravel-Vue-Inertia-general-purpose/vendor/laravel/framework/src/Illuminate/Routing/ResponseFactory.php(91): Illuminate\\View\\Factory->make()
#3 /home/houdaifayahia/www/Laravel-Vue-Inertia-general-purpose/vendor/laravel/framework/src/Illuminate/Support/Facades/Facade.php(363): Illuminate\\Routing\\ResponseFactory->view()
#4 /home/houdaifayahia/www/Laravel-Vue-Inertia-general-purpose/vendor/inertiajs/inertia-laravel/src/Response.php(199): Illuminate\\Support\\Facades\\Facade::__callStatic()
#5 /home/houdaifayahia/www/Laravel-Vue-Inertia-general-purpose/vendor/laravel/framework/src/Illuminate/Routing/Router.php(921): Inertia\\Response->toResponse()
#6 /home/houdaifayahia/www/Laravel-Vue-Inertia-general-purpose/vendor/laravel/framework/src/Illuminate/Routing/Router.php(906): Illuminate\\Routing\\Router::toResponse()
#7 /home/houdaifayahia/www/Laravel-Vue-Inertia-general-purpose/vendor/laravel/framework/src/Illuminate/Routing/Router.php(821): Illuminate\\Routing\\Router->prepareResponse()
#8 /home/houdaifayahia/www/Laravel-Vue-Inertia-general-purpose/vendor/laravel/framework/src/Illuminate/Pipeline/Pipeline.php(180): Illuminate\\Routing\\Router->Illuminate\\Routing\\{closure}()
#9 /home/houdaifayahia/www/Laravel-Vue-Inertia-general-purpose/vendor/spatie/laravel-permission/src/Middleware/PermissionMiddleware.php(37): Illuminate\\Pipeline\\Pipeline->Illuminate\\Pipeline\\{closure}()
#10 /home/houdaifayahia/www/Laravel-Vue-Inertia-general-purpose/vendor/laravel/framework/src/Illuminate/Pipeline/Pipeline.php(219): Spatie\\Permission\\Middleware\\PermissionMiddleware->handle()
#11 /home/houdaifayahia/www/Laravel-Vue-Inertia-general-purpose/vendor/laravel/framework/src/Illuminate/Auth/Middleware/EnsureEmailIsVerified.php(41): Illuminate\\Pipeline\\Pipeline->Illuminate\\Pipeline\\{closure}()
#12 /home/houdaifayahia/www/Laravel-Vue-Inertia-general-purpose/vendor/laravel/framework/src/Illuminate/Pipeline/Pipeline.php(219): Illuminate\\Auth\\Middleware\\EnsureEmailIsVerified->handle()
#13 /home/houdaifayahia/www/Laravel-Vue-Inertia-general-purpose/app/Http/Middleware/SetLocaleMiddleware.php(32): Illuminate\\Pipeline\\Pipeline->Illuminate\\Pipeline\\{closure}()
#14 /home/houdaifayahia/www/Laravel-Vue-Inertia-general-purpose/vendor/laravel/framework/src/Illuminate/Pipeline/Pipeline.php(219): App\\Http\\Middleware\\SetLocaleMiddleware->handle()
#15 /home/houdaifayahia/www/Laravel-Vue-Inertia-general-purpose/vendor/laravel/framework/src/Illuminate/Http/Middleware/AddLinkHeadersForPreloadedAssets.php(32): Illuminate\\Pipeline\\Pipeline->Illuminate\\Pipeline\\{closure}()
#16 /home/houdaifayahia/www/Laravel-Vue-Inertia-general-purpose/vendor/laravel/framework/src/Illuminate/Pipeline/Pipeline.php(219): Illuminate\\Http\\Middleware\\AddLinkHeadersForPreloadedAssets->handle()
#17 /home/houdaifayahia/www/Laravel-Vue-Inertia-general-purpose/vendor/inertiajs/inertia-laravel/src/Middleware.php(96): Illuminate\\Pipeline\\Pipeline->Illuminate\\Pipeline\\{closure}()
#18 /home/houdaifayahia/www/Laravel-Vue-Inertia-general-purpose/vendor/laravel/framework/src/Illuminate/Pipeline/Pipeline.php(219): Inertia\\Middleware->handle()
#19 /home/houdaifayahia/www/Laravel-Vue-Inertia-general-purpose/app/Http/Middleware/HandleAppearance.php(21): Illuminate\\Pipeline\\Pipeline->Illuminate\\Pipeline\\{closure}()
#20 /home/houdaifayahia/www/Laravel-Vue-Inertia-general-purpose/vendor/laravel/framework/src/Illuminate/Pipeline/Pipeline.php(219): App\\Http\\Middleware\\HandleAppearance->handle()
#21 /home/houdaifayahia/www/Laravel-Vue-Inertia-general-purpose/vendor/laravel/framework/src/Illuminate/Routing/Middleware/SubstituteBindings.php(50): Illuminate\\Pipeline\\Pipeline->Illuminate\\Pipeline\\{closure}()
#22 /home/houdaifayahia/www/Laravel-Vue-Inertia-general-purpose/vendor/laravel/framework/src/Illuminate/Pipeline/Pipeline.php(219): Illuminate\\Routing\\Middleware\\SubstituteBindings->handle()
#23 /home/houdaifayahia/www/Laravel-Vue-Inertia-general-purpose/vendor/laravel/framework/src/Illuminate/Auth/Middleware/Authenticate.php(63): Illuminate\\Pipeline\\Pipeline->Illuminate\\Pipeline\\{closure}()
#24 /home/houdaifayahia/www/Laravel-Vue-Inertia-general-purpose/vendor/laravel/framework/src/Illuminate/Pipeline/Pipeline.php(219): Illuminate\\Auth\\Middleware\\Authenticate->handle()
#25 /home/houdaifayahia/www/Laravel-Vue-Inertia-general-purpose/vendor/laravel/framework/src/Illuminate/Foundation/Http/Middleware/VerifyCsrfToken.php(87): Illuminate\\Pipeline\\Pipeline->Illuminate\\Pipeline\\{closure}()
#26 /home/houdaifayahia/www/Laravel-Vue-Inertia-general-purpose/vendor/laravel/framework/src/Illuminate/Pipeline/Pipeline.php(219): Illuminate\\Foundation\\Http\\Middleware\\VerifyCsrfToken->handle()
#27 /home/houdaifayahia/www/Laravel-Vue-Inertia-general-purpose/vendor/laravel/framework/src/Illuminate/View/Middleware/ShareErrorsFromSession.php(48): Illuminate\\Pipeline\\Pipeline->Illuminate\\Pipeline\\{closure}()
#28 /home/houdaifayahia/www/Laravel-Vue-Inertia-general-purpose/vendor/laravel/framework/src/Illuminate/Pipeline/Pipeline.php(219): Illuminate\\View\\Middleware\\ShareErrorsFromSession->handle()
#29 /home/houdaifayahia/www/Laravel-Vue-Inertia-general-purpose/vendor/laravel/framework/src/Illuminate/Session/Middleware/StartSession.php(120): Illuminate\\Pipeline\\Pipeline->Illuminate\\Pipeline\\{closure}()
#30 /home/houdaifayahia/www/Laravel-Vue-Inertia-general-purpose/vendor/laravel/framework/src/Illuminate/Session/Middleware/StartSession.php(63): Illuminate\\Session\\Middleware\\StartSession->handleStatefulRequest()
#31 /home/houdaifayahia/www/Laravel-Vue-Inertia-general-purpose/vendor/laravel/framework/src/Illuminate/Pipeline/Pipeline.php(219): Illuminate\\Session\\Middleware\\StartSession->handle()
#32 /home/houdaifayahia/www/Laravel-Vue-Inertia-general-purpose/vendor/laravel/framework/src/Illuminate/Cookie/Middleware/AddQueuedCookiesToResponse.php(36): Illuminate\\Pipeline\\Pipeline->Illuminate\\Pipeline\\{closure}()
#33 /home/houdaifayahia/www/Laravel-Vue-Inertia-general-purpose/vendor/laravel/framework/src/Illuminate/Pipeline/Pipeline.php(219): Illuminate\\Cookie\\Middleware\\AddQueuedCookiesToResponse->handle()
#34 /home/houdaifayahia/www/Laravel-Vue-Inertia-general-purpose/vendor/laravel/framework/src/Illuminate/Cookie/Middleware/EncryptCookies.php(74): Illuminate\\Pipeline\\Pipeline->Illuminate\\Pipeline\\{closure}()
#35 /home/houdaifayahia/www/Laravel-Vue-Inertia-general-purpose/vendor/laravel/framework/src/Illuminate/Pipeline/Pipeline.php(219): Illuminate\\Cookie\\Middleware\\EncryptCookies->handle()
#36 /home/houdaifayahia/www/Laravel-Vue-Inertia-general-purpose/vendor/laravel/framework/src/Illuminate/Pipeline/Pipeline.php(137): Illuminate\\Pipeline\\Pipeline->Illuminate\\Pipeline\\{closure}()
#37 /home/houdaifayahia/www/Laravel-Vue-Inertia-general-purpose/vendor/laravel/framework/src/Illuminate/Routing/Router.php(821): Illuminate\\Pipeline\\Pipeline->then()
#38 /home/houdaifayahia/www/Laravel-Vue-Inertia-general-purpose/vendor/laravel/framework/src/Illuminate/Routing/Router.php(800): Illuminate\\Routing\\Router->runRouteWithinStack()
#39 /home/houdaifayahia/www/Laravel-Vue-Inertia-general-purpose/vendor/laravel/framework/src/Illuminate/Routing/Router.php(764): Illuminate\\Routing\\Router->runRoute()
#40 /home/houdaifayahia/www/Laravel-Vue-Inertia-general-purpose/vendor/laravel/framework/src/Illuminate/Routing/Router.php(753): Illuminate\\Routing\\Router->dispatchToRoute()
#41 /home/houdaifayahia/www/Laravel-Vue-Inertia-general-purpose/vendor/laravel/framework/src/Illuminate/Foundation/Http/Kernel.php(200): Illuminate\\Routing\\Router->dispatch()
#42 /home/houdaifayahia/www/Laravel-Vue-Inertia-general-purpose/vendor/laravel/framework/src/Illuminate/Pipeline/Pipeline.php(180): Illuminate\\Foundation\\Http\\Kernel->Illuminate\\Foundation\\Http\\{closure}()
#43 /home/houdaifayahia/www/Laravel-Vue-Inertia-general-purpose/vendor/laravel/framework/src/Illuminate/Foundation/Http/Middleware/TransformsRequest.php(21): Illuminate\\Pipeline\\Pipeline->Illuminate\\Pipeline\\{closure}()
#44 /home/houdaifayahia/www/Laravel-Vue-Inertia-general-purpose/vendor/laravel/framework/src/Illuminate/Foundation/Http/Middleware/ConvertEmptyStringsToNull.php(31): Illuminate\\Foundation\\Http\\Middleware\\TransformsRequest->handle()
#45 /home/houdaifayahia/www/Laravel-Vue-Inertia-general-purpose/vendor/laravel/framework/src/Illuminate/Pipeline/Pipeline.php(219): Illuminate\\Foundation\\Http\\Middleware\\ConvertEmptyStringsToNull->handle()
#46 /home/houdaifayahia/www/Laravel-Vue-Inertia-general-purpose/vendor/laravel/framework/src/Illuminate/Foundation/Http/Middleware/TransformsRequest.php(21): Illuminate\\Pipeline\\Pipeline->Illuminate\\Pipeline\\{closure}()
#47 /home/houdaifayahia/www/Laravel-Vue-Inertia-general-purpose/vendor/laravel/framework/src/Illuminate/Foundation/Http/Middleware/TrimStrings.php(51): Illuminate\\Foundation\\Http\\Middleware\\TransformsRequest->handle()
#48 /home/houdaifayahia/www/Laravel-Vue-Inertia-general-purpose/vendor/laravel/framework/src/Illuminate/Pipeline/Pipeline.php(219): Illuminate\\Foundation\\Http\\Middleware\\TrimStrings->handle()
#49 /home/houdaifayahia/www/Laravel-Vue-Inertia-general-purpose/vendor/laravel/framework/src/Illuminate/Http/Middleware/ValidatePostSize.php(27): Illuminate\\Pipeline\\Pipeline->Illuminate\\Pipeline\\{closure}()
#50 /home/houdaifayahia/www/Laravel-Vue-Inertia-general-purpose/vendor/laravel/framework/src/Illuminate/Pipeline/Pipeline.php(219): Illuminate\\Http\\Middleware\\ValidatePostSize->handle()
#51 /home/houdaifayahia/www/Laravel-Vue-Inertia-general-purpose/vendor/laravel/framework/src/Illuminate/Foundation/Http/Middleware/PreventRequestsDuringMaintenance.php(109): Illuminate\\Pipeline\\Pipeline->Illuminate\\Pipeline\\{closure}()
#52 /home/houdaifayahia/www/Laravel-Vue-Inertia-general-purpose/vendor/laravel/framework/src/Illuminate/Pipeline/Pipeline.php(219): Illuminate\\Foundation\\Http\\Middleware\\PreventRequestsDuringMaintenance->handle()
#53 /home/houdaifayahia/www/Laravel-Vue-Inertia-general-purpose/vendor/laravel/framework/src/Illuminate/Http/Middleware/HandleCors.php(48): Illuminate\\Pipeline\\Pipeline->Illuminate\\Pipeline\\{closure}()
#54 /home/houdaifayahia/www/Laravel-Vue-Inertia-general-purpose/vendor/laravel/framework/src/Illuminate/Pipeline/Pipeline.php(219): Illuminate\\Http\\Middleware\\HandleCors->handle()
#55 /home/houdaifayahia/www/Laravel-Vue-Inertia-general-purpose/vendor/laravel/framework/src/Illuminate/Http/Middleware/TrustProxies.php(58): Illuminate\\Pipeline\\Pipeline->Illuminate\\Pipeline\\{closure}()
#56 /home/houdaifayahia/www/Laravel-Vue-Inertia-general-purpose/vendor/laravel/framework/src/Illuminate/Pipeline/Pipeline.php(219): Illuminate\\Http\\Middleware\\TrustProxies->handle()
#57 /home/houdaifayahia/www/Laravel-Vue-Inertia-general-purpose/vendor/laravel/framework/src/Illuminate/Foundation/Http/Middleware/InvokeDeferredCallbacks.php(22): Illuminate\\Pipeline\\Pipeline->Illuminate\\Pipeline\\{closure}()
#58 /home/houdaifayahia/www/Laravel-Vue-Inertia-general-purpose/vendor/laravel/framework/src/Illuminate/Pipeline/Pipeline.php(219): Illuminate\\Foundation\\Http\\Middleware\\InvokeDeferredCallbacks->handle()
#59 /home/houdaifayahia/www/Laravel-Vue-Inertia-general-purpose/vendor/laravel/framework/src/Illuminate/Http/Middleware/ValidatePathEncoding.php(26): Illuminate\\Pipeline\\Pipeline->Illuminate\\Pipeline\\{closure}()
#60 /home/houdaifayahia/www/Laravel-Vue-Inertia-general-purpose/vendor/laravel/framework/src/Illuminate/Pipeline/Pipeline.php(219): Illuminate\\Http\\Middleware\\ValidatePathEncoding->handle()
#61 /home/houdaifayahia/www/Laravel-Vue-Inertia-general-purpose/vendor/laravel/framework/src/Illuminate/Pipeline/Pipeline.php(137): Illuminate\\Pipeline\\Pipeline->Illuminate\\Pipeline\\{closure}()
#62 /home/houdaifayahia/www/Laravel-Vue-Inertia-general-purpose/vendor/laravel/framework/src/Illuminate/Foundation/Http/Kernel.php(175): Illuminate\\Pipeline\\Pipeline->then()
#63 /home/houdaifayahia/www/Laravel-Vue-Inertia-general-purpose/vendor/laravel/framework/src/Illuminate/Foundation/Http/Kernel.php(144): Illuminate\\Foundation\\Http\\Kernel->sendRequestThroughRouter()
#64 /home/houdaifayahia/www/Laravel-Vue-Inertia-general-purpose/vendor/laravel/framework/src/Illuminate/Foundation/Application.php(1220): Illuminate\\Foundation\\Http\\Kernel->handle()
#65 /home/houdaifayahia/www/Laravel-Vue-Inertia-general-purpose/public/index.php(20): Illuminate\\Foundation\\Application->handleRequest()
#66 /home/houdaifayahia/www/Laravel-Vue-Inertia-general-purpose/vendor/laravel/framework/src/Illuminate/Foundation/resources/server.php(23): require_once('...')
#67 {main}
"} 
